{"/home/travis/build/npmtest/node-npmtest-editorconfig/test.js":{"path":"/home/travis/build/npmtest/node-npmtest-editorconfig/test.js","s":{"1":2,"2":2,"3":2,"4":2,"5":2,"6":2,"7":2,"8":1,"9":2,"10":2,"11":1,"12":1,"13":1,"14":1,"15":2,"16":2,"17":2,"18":2,"19":1,"20":1,"21":2,"22":2,"23":2,"24":1,"25":1,"26":1,"27":1,"28":1,"29":1,"30":1,"31":1,"32":1,"33":1,"34":1,"35":1,"36":1,"37":1,"38":1,"39":2,"40":2,"41":1,"42":2,"43":2,"44":1,"45":2,"46":2,"47":1,"48":2,"49":2,"50":1,"51":1,"52":1,"53":1,"54":1},"b":{"1":[2,1,1,1],"2":[1,1,1,1],"3":[1,1],"4":[1,1],"5":[1,1],"6":[1,1],"7":[1,1],"8":[1,1],"9":[1,1],"10":[1,1,1],"11":[1,1],"12":[1,1],"13":[1,1],"14":[1,1],"15":[1,1],"16":[1,1],"17":[1,1]},"f":{"1":2,"2":2,"3":2,"4":2,"5":2,"6":1,"7":1,"8":1,"9":2,"10":2,"11":2,"12":2,"13":1},"fnMap":{"1":{"name":"(anonymous_1)","line":12,"loc":{"start":{"line":12,"column":1},"end":{"line":12,"column":13}}},"2":{"name":"(anonymous_2)","line":19,"loc":{"start":{"line":19,"column":5},"end":{"line":19,"column":17}}},"3":{"name":"(anonymous_3)","line":23,"loc":{"start":{"line":23,"column":24},"end":{"line":23,"column":36}}},"4":{"name":"(anonymous_4)","line":61,"loc":{"start":{"line":61,"column":5},"end":{"line":61,"column":17}}},"5":{"name":"(anonymous_5)","line":82,"loc":{"start":{"line":82,"column":5},"end":{"line":82,"column":17}}},"6":{"name":"(anonymous_6)","line":91,"loc":{"start":{"line":91,"column":77},"end":{"line":94,"column":10}}},"7":{"name":"(anonymous_7)","line":112,"loc":{"start":{"line":112,"column":83},"end":{"line":115,"column":10}},"skip":true},"8":{"name":"(anonymous_8)","line":123,"loc":{"start":{"line":123,"column":77},"end":{"line":126,"column":10}},"skip":true},"9":{"name":"(anonymous_9)","line":139,"loc":{"start":{"line":139,"column":12},"end":{"line":139,"column":40}},"skip":true},"10":{"name":"(anonymous_10)","line":147,"loc":{"start":{"line":147,"column":77},"end":{"line":150,"column":10}},"skip":true},"11":{"name":"(anonymous_11)","line":158,"loc":{"start":{"line":158,"column":83},"end":{"line":161,"column":10}},"skip":true},"12":{"name":"(anonymous_12)","line":169,"loc":{"start":{"line":169,"column":79},"end":{"line":172,"column":10}},"skip":true},"13":{"name":"(anonymous_13)","line":180,"loc":{"start":{"line":180,"column":75},"end":{"line":183,"column":10}},"skip":true}},"statementMap":{"1":{"start":{"line":12,"column":0},"end":{"line":195,"column":5}},"2":{"start":{"line":14,"column":4},"end":{"line":14,"column":14}},"3":{"start":{"line":19,"column":4},"end":{"line":56,"column":9}},"4":{"start":{"line":21,"column":8},"end":{"line":21,"column":19}},"5":{"start":{"line":23,"column":8},"end":{"line":35,"column":13}},"6":{"start":{"line":24,"column":12},"end":{"line":34,"column":13}},"7":{"start":{"line":25,"column":16},"end":{"line":28,"column":30}},"8":{"start":{"line":30,"column":16},"end":{"line":33,"column":27}},"9":{"start":{"line":37,"column":8},"end":{"line":39,"column":21}},"10":{"start":{"line":40,"column":8},"end":{"line":53,"column":9}},"11":{"start":{"line":43,"column":12},"end":{"line":46,"column":14}},"12":{"start":{"line":47,"column":12},"end":{"line":47,"column":18}},"13":{"start":{"line":50,"column":12},"end":{"line":51,"column":46}},"14":{"start":{"line":52,"column":12},"end":{"line":52,"column":18}},"15":{"start":{"line":55,"column":8},"end":{"line":55,"column":35}},"16":{"start":{"line":61,"column":4},"end":{"line":63,"column":9}},"17":{"start":{"line":62,"column":8},"end":{"line":62,"column":15}},"18":{"start":{"line":64,"column":4},"end":{"line":77,"column":5}},"19":{"start":{"line":70,"column":8},"end":{"line":70,"column":14}},"20":{"start":{"line":76,"column":8},"end":{"line":76,"column":14}},"21":{"start":{"line":82,"column":4},"end":{"line":84,"column":9}},"22":{"start":{"line":83,"column":8},"end":{"line":83,"column":15}},"23":{"start":{"line":85,"column":4},"end":{"line":194,"column":5}},"24":{"start":{"line":91,"column":8},"end":{"line":99,"column":10}},"25":{"start":{"line":98,"column":12},"end":{"line":98,"column":35}},"26":{"start":{"line":102,"column":8},"end":{"line":104,"column":63}},"27":{"start":{"line":105,"column":8},"end":{"line":105,"column":14}},"28":{"start":{"line":112,"column":8},"end":{"line":121,"column":10},"skip":true},"29":{"start":{"line":119,"column":12},"end":{"line":119,"column":55},"skip":true},"30":{"start":{"line":120,"column":12},"end":{"line":120,"column":48},"skip":true},"31":{"start":{"line":123,"column":8},"end":{"line":136,"column":10},"skip":true},"32":{"start":{"line":130,"column":12},"end":{"line":130,"column":76},"skip":true},"33":{"start":{"line":131,"column":12},"end":{"line":131,"column":73},"skip":true},"34":{"start":{"line":132,"column":12},"end":{"line":132,"column":74},"skip":true},"35":{"start":{"line":133,"column":12},"end":{"line":133,"column":79},"skip":true},"36":{"start":{"line":134,"column":12},"end":{"line":134,"column":25},"skip":true},"37":{"start":{"line":135,"column":12},"end":{"line":135,"column":45},"skip":true},"38":{"start":{"line":138,"column":8},"end":{"line":145,"column":14},"skip":true},"39":{"start":{"line":143,"column":16},"end":{"line":143,"column":29},"skip":true},"40":{"start":{"line":144,"column":16},"end":{"line":144,"column":55},"skip":true},"41":{"start":{"line":147,"column":8},"end":{"line":156,"column":10},"skip":true},"42":{"start":{"line":154,"column":12},"end":{"line":154,"column":25},"skip":true},"43":{"start":{"line":155,"column":12},"end":{"line":155,"column":45},"skip":true},"44":{"start":{"line":158,"column":8},"end":{"line":167,"column":10},"skip":true},"45":{"start":{"line":165,"column":12},"end":{"line":165,"column":25},"skip":true},"46":{"start":{"line":166,"column":12},"end":{"line":166,"column":48},"skip":true},"47":{"start":{"line":169,"column":8},"end":{"line":178,"column":10},"skip":true},"48":{"start":{"line":176,"column":12},"end":{"line":176,"column":25},"skip":true},"49":{"start":{"line":177,"column":12},"end":{"line":177,"column":46},"skip":true},"50":{"start":{"line":180,"column":8},"end":{"line":189,"column":10},"skip":true},"51":{"start":{"line":187,"column":12},"end":{"line":187,"column":94},"skip":true},"52":{"start":{"line":188,"column":12},"end":{"line":188,"column":48},"skip":true},"53":{"start":{"line":192,"column":8},"end":{"line":192,"column":35},"skip":true},"54":{"start":{"line":193,"column":8},"end":{"line":193,"column":14},"skip":true}},"branchMap":{"1":{"line":25,"type":"binary-expr","locations":[{"start":{"line":25,"column":23},"end":{"line":25,"column":62}},{"start":{"line":26,"column":20},"end":{"line":26,"column":70}},{"start":{"line":27,"column":20},"end":{"line":27,"column":71}},{"start":{"line":28,"column":20},"end":{"line":28,"column":29}}]},"2":{"line":30,"type":"binary-expr","locations":[{"start":{"line":30,"column":23},"end":{"line":30,"column":37}},{"start":{"line":31,"column":20},"end":{"line":31,"column":61}},{"start":{"line":32,"column":20},"end":{"line":32,"column":70}},{"start":{"line":33,"column":20},"end":{"line":33,"column":26}}]},"3":{"line":37,"type":"cond-expr","locations":[{"start":{"line":38,"column":14},"end":{"line":38,"column":20}},{"start":{"line":39,"column":14},"end":{"line":39,"column":20}}]},"4":{"line":40,"type":"switch","locations":[{"start":{"line":42,"column":8},"end":{"line":47,"column":18}},{"start":{"line":49,"column":8},"end":{"line":52,"column":18}}]},"5":{"line":44,"type":"binary-expr","locations":[{"start":{"line":44,"column":16},"end":{"line":44,"column":44}},{"start":{"line":44,"column":48},"end":{"line":44,"column":66}}]},"6":{"line":50,"type":"binary-expr","locations":[{"start":{"line":50,"column":21},"end":{"line":50,"column":49}},{"start":{"line":50,"column":53},"end":{"line":50,"column":72}}]},"7":{"line":64,"type":"switch","locations":[{"start":{"line":69,"column":4},"end":{"line":70,"column":14}},{"start":{"line":75,"column":4},"end":{"line":76,"column":14}}]},"8":{"line":85,"type":"switch","locations":[{"start":{"line":90,"column":4},"end":{"line":105,"column":14}},{"start":{"line":111,"column":4},"end":{"line":193,"column":14},"skip":true}]},"9":{"line":91,"type":"binary-expr","locations":[{"start":{"line":91,"column":42},"end":{"line":91,"column":73}},{"start":{"line":91,"column":77},"end":{"line":99,"column":9}}]},"10":{"line":102,"type":"binary-expr","locations":[{"start":{"line":102,"column":18},"end":{"line":102,"column":32}},{"start":{"line":103,"column":12},"end":{"line":103,"column":53}},{"start":{"line":104,"column":12},"end":{"line":104,"column":61}}]},"11":{"line":112,"type":"binary-expr","locations":[{"start":{"line":112,"column":45},"end":{"line":112,"column":79},"skip":true},{"start":{"line":112,"column":83},"end":{"line":121,"column":9},"skip":true}]},"12":{"line":123,"type":"binary-expr","locations":[{"start":{"line":123,"column":42},"end":{"line":123,"column":73},"skip":true},{"start":{"line":123,"column":77},"end":{"line":136,"column":9},"skip":true}]},"13":{"line":138,"type":"binary-expr","locations":[{"start":{"line":138,"column":48},"end":{"line":138,"column":85},"skip":true},{"start":{"line":139,"column":12},"end":{"line":145,"column":13},"skip":true}]},"14":{"line":147,"type":"binary-expr","locations":[{"start":{"line":147,"column":42},"end":{"line":147,"column":73},"skip":true},{"start":{"line":147,"column":77},"end":{"line":156,"column":9},"skip":true}]},"15":{"line":158,"type":"binary-expr","locations":[{"start":{"line":158,"column":45},"end":{"line":158,"column":79},"skip":true},{"start":{"line":158,"column":83},"end":{"line":167,"column":9},"skip":true}]},"16":{"line":169,"type":"binary-expr","locations":[{"start":{"line":169,"column":43},"end":{"line":169,"column":75},"skip":true},{"start":{"line":169,"column":79},"end":{"line":178,"column":9},"skip":true}]},"17":{"line":180,"type":"binary-expr","locations":[{"start":{"line":180,"column":41},"end":{"line":180,"column":71},"skip":true},{"start":{"line":180,"column":75},"end":{"line":189,"column":9},"skip":true}]}},"code":["/* istanbul instrument in package npmtest_editorconfig */","/*jslint","    bitwise: true,","    browser: true,","    maxerr: 8,","    maxlen: 96,","    node: true,","    nomen: true,","    regexp: true,","    stupid: true","*/","(function () {","    'use strict';","    var local;","","","","    // run shared js-env code - pre-init","    (function () {","        // init local","        local = {};","        // init modeJs","        local.modeJs = (function () {","            try {","                return typeof navigator.userAgent === 'string' &&","                    typeof document.querySelector('body') === 'object' &&","                    typeof XMLHttpRequest.prototype.open === 'function' &&","                    'browser';","            } catch (errorCaughtBrowser) {","                return module.exports &&","                    typeof process.versions.node === 'string' &&","                    typeof require('http').createServer === 'function' &&","                    'node';","            }","        }());","        // init global","        local.global = local.modeJs === 'browser'","            ? window","            : global;","        switch (local.modeJs) {","        // re-init local from window.local","        case 'browser':","            local = local.global.utility2.objectSetDefault(","                local.global.utility2_rollup || local.global.local,","                local.global.utility2","            );","            break;","        // re-init local from example.js","        case 'node':","            local = (local.global.utility2_rollup || require('utility2'))","                .requireExampleJsFromReadme();","            break;","        }","        // export local","        local.global.local = local;","    }());","","","","    // run shared js-env code - function","    (function () {","        return;","    }());","    switch (local.modeJs) {","","","","    // run browser js-env code - function","    case 'browser':","        break;","","","","    // run node js-env code - function","    case 'node':","        break;","    }","","","","    // run shared js-env code - post-init","    (function () {","        return;","    }());","    switch (local.modeJs) {","","","","    // run browser js-env code - post-init","    case 'browser':","        local.testCase_browser_nullCase = local.testCase_browser_nullCase || function (","            options,","            onError","        ) {","        /*","         * this function will test browsers's null-case handling-behavior-behavior","         */","            onError(null, options);","        };","","        // run tests","        local.nop(local.modeTest &&","            document.querySelector('#testRunButton1') &&","            document.querySelector('#testRunButton1').click());","        break;","","","","    // run node js-env code - post-init","    /* istanbul ignore next */","    case 'node':","        local.testCase_buildApidoc_default = local.testCase_buildApidoc_default || function (","            options,","            onError","        ) {","        /*","         * this function will test buildApidoc's default handling-behavior-behavior","         */","            options = { modulePathList: module.paths };","            local.buildApidoc(options, onError);","        };","","        local.testCase_buildApp_default = local.testCase_buildApp_default || function (","            options,","            onError","        ) {","        /*","         * this function will test buildApp's default handling-behavior-behavior","         */","            local.testCase_buildReadme_default(options, local.onErrorThrow);","            local.testCase_buildLib_default(options, local.onErrorThrow);","            local.testCase_buildTest_default(options, local.onErrorThrow);","            local.testCase_buildCustomOrg_default(options, local.onErrorThrow);","            options = [];","            local.buildApp(options, onError);","        };","","        local.testCase_buildCustomOrg_default = local.testCase_buildCustomOrg_default ||","            function (options, onError) {","            /*","             * this function will test buildCustomOrg's default handling-behavior","             */","                options = {};","                local.buildCustomOrg(options, onError);","            };","","        local.testCase_buildLib_default = local.testCase_buildLib_default || function (","            options,","            onError","        ) {","        /*","         * this function will test buildLib's default handling-behavior","         */","            options = {};","            local.buildLib(options, onError);","        };","","        local.testCase_buildReadme_default = local.testCase_buildReadme_default || function (","            options,","            onError","        ) {","        /*","         * this function will test buildReadme's default handling-behavior-behavior","         */","            options = {};","            local.buildReadme(options, onError);","        };","","        local.testCase_buildTest_default = local.testCase_buildTest_default || function (","            options,","            onError","        ) {","        /*","         * this function will test buildTest's default handling-behavior","         */","            options = {};","            local.buildTest(options, onError);","        };","","        local.testCase_webpage_default = local.testCase_webpage_default || function (","            options,","            onError","        ) {","        /*","         * this function will test webpage's default handling-behavior","         */","            options = { modeCoverageMerge: true, url: local.serverLocalHost + '?modeTest=1' };","            local.browserTest(options, onError);","        };","","        // run test-server","        local.testRunServer(local);","        break;","    }","}());",""],"l":{"12":2,"14":2,"19":2,"21":2,"23":2,"24":2,"25":2,"30":1,"37":2,"40":2,"43":1,"47":1,"50":1,"52":1,"55":2,"61":2,"62":2,"64":2,"70":1,"76":1,"82":2,"83":2,"85":2,"91":1,"98":1,"102":1,"105":1,"112":1,"119":1,"120":1,"123":1,"130":1,"131":1,"132":1,"133":1,"134":1,"135":1,"138":1,"143":2,"144":2,"147":1,"154":2,"155":2,"158":1,"165":2,"166":2,"169":1,"176":2,"177":2,"180":1,"187":1,"188":1,"192":1,"193":1}},"/home/travis/build/npmtest/node-npmtest-editorconfig/lib.npmtest_editorconfig.js":{"path":"/home/travis/build/npmtest/node-npmtest-editorconfig/lib.npmtest_editorconfig.js","s":{"1":2,"2":2,"3":2,"4":2,"5":2,"6":2,"7":2,"8":1,"9":2,"10":2,"11":2,"12":2,"13":1,"14":1,"15":1,"16":1},"b":{"1":[2,1,1,1],"2":[1,1,1,1],"3":[1,1],"4":[2,2],"5":[1,1]},"f":{"1":2,"2":2,"3":2},"fnMap":{"1":{"name":"(anonymous_1)","line":12,"loc":{"start":{"line":12,"column":1},"end":{"line":12,"column":13}}},"2":{"name":"(anonymous_2)","line":19,"loc":{"start":{"line":19,"column":5},"end":{"line":19,"column":17}}},"3":{"name":"(anonymous_3)","line":23,"loc":{"start":{"line":23,"column":24},"end":{"line":23,"column":36}}}},"statementMap":{"1":{"start":{"line":12,"column":0},"end":{"line":53,"column":5}},"2":{"start":{"line":14,"column":4},"end":{"line":14,"column":14}},"3":{"start":{"line":19,"column":4},"end":{"line":52,"column":9}},"4":{"start":{"line":21,"column":8},"end":{"line":21,"column":19}},"5":{"start":{"line":23,"column":8},"end":{"line":35,"column":13}},"6":{"start":{"line":24,"column":12},"end":{"line":34,"column":13}},"7":{"start":{"line":25,"column":16},"end":{"line":28,"column":30}},"8":{"start":{"line":30,"column":16},"end":{"line":33,"column":27}},"9":{"start":{"line":37,"column":8},"end":{"line":39,"column":21}},"10":{"start":{"line":41,"column":8},"end":{"line":41,"column":54}},"11":{"start":{"line":43,"column":8},"end":{"line":43,"column":57}},"12":{"start":{"line":45,"column":8},"end":{"line":51,"column":9}},"13":{"start":{"line":46,"column":12},"end":{"line":46,"column":63}},"14":{"start":{"line":48,"column":12},"end":{"line":48,"column":35}},"15":{"start":{"line":49,"column":12},"end":{"line":49,"column":49}},"16":{"start":{"line":50,"column":12},"end":{"line":50,"column":43}}},"branchMap":{"1":{"line":25,"type":"binary-expr","locations":[{"start":{"line":25,"column":23},"end":{"line":25,"column":62}},{"start":{"line":26,"column":20},"end":{"line":26,"column":70}},{"start":{"line":27,"column":20},"end":{"line":27,"column":71}},{"start":{"line":28,"column":20},"end":{"line":28,"column":29}}]},"2":{"line":30,"type":"binary-expr","locations":[{"start":{"line":30,"column":23},"end":{"line":30,"column":37}},{"start":{"line":31,"column":20},"end":{"line":31,"column":61}},{"start":{"line":32,"column":20},"end":{"line":32,"column":70}},{"start":{"line":33,"column":20},"end":{"line":33,"column":26}}]},"3":{"line":37,"type":"cond-expr","locations":[{"start":{"line":38,"column":14},"end":{"line":38,"column":20}},{"start":{"line":39,"column":14},"end":{"line":39,"column":20}}]},"4":{"line":41,"type":"binary-expr","locations":[{"start":{"line":41,"column":16},"end":{"line":41,"column":44}},{"start":{"line":41,"column":48},"end":{"line":41,"column":53}}]},"5":{"line":45,"type":"if","locations":[{"start":{"line":45,"column":8},"end":{"line":45,"column":8}},{"start":{"line":45,"column":8},"end":{"line":45,"column":8}}]}},"code":["/* istanbul instrument in package npmtest_editorconfig */","/*jslint","    bitwise: true,","    browser: true,","    maxerr: 8,","    maxlen: 96,","    node: true,","    nomen: true,","    regexp: true,","    stupid: true","*/","(function () {","    'use strict';","    var local;","","","","    // run shared js-env code - pre-init","    (function () {","        // init local","        local = {};","        // init modeJs","        local.modeJs = (function () {","            try {","                return typeof navigator.userAgent === 'string' &&","                    typeof document.querySelector('body') === 'object' &&","                    typeof XMLHttpRequest.prototype.open === 'function' &&","                    'browser';","            } catch (errorCaughtBrowser) {","                return module.exports &&","                    typeof process.versions.node === 'string' &&","                    typeof require('http').createServer === 'function' &&","                    'node';","            }","        }());","        // init global","        local.global = local.modeJs === 'browser'","            ? window","            : global;","        // init utility2_rollup","        local = local.global.utility2_rollup || local;","        // init lib","        local.local = local.npmtest_editorconfig = local;","        // init exports","        if (local.modeJs === 'browser') {","            local.global.utility2_npmtest_editorconfig = local;","        } else {","            module.exports = local;","            module.exports.__dirname = __dirname;","            module.exports.module = module;","        }","    }());","}());",""],"l":{"12":2,"14":2,"19":2,"21":2,"23":2,"24":2,"25":2,"30":1,"37":2,"41":2,"43":2,"45":2,"46":1,"48":1,"49":1,"50":1}},"/home/travis/build/npmtest/node-npmtest-editorconfig/example.js":{"path":"/home/travis/build/npmtest/node-npmtest-editorconfig/example.js","s":{"1":2,"2":2,"3":2,"4":2,"5":2,"6":2,"7":2,"8":1,"9":2,"10":2,"11":2,"12":2,"13":1,"14":2,"15":2,"16":2,"17":2,"18":2,"19":0,"20":2,"21":1,"22":1,"23":1,"24":1,"25":1,"26":0,"27":0,"28":1,"29":1,"30":2,"31":0,"32":0,"33":0,"34":1,"35":2,"36":2,"37":3,"38":3,"39":3,"40":3,"41":0,"42":3,"43":3,"44":3,"45":1,"46":3,"47":1,"48":1,"49":1,"50":1,"51":1,"52":1,"53":1,"54":1,"55":1,"56":1,"57":0,"58":1,"59":6,"60":6,"61":1,"62":2,"63":0,"64":2,"65":1,"66":1,"67":0,"68":0,"69":0,"70":0,"71":0,"72":0,"73":0,"74":0,"75":0,"76":0,"77":0,"78":0,"79":0,"80":0,"81":0,"82":0,"83":0},"b":{"1":[2,1,1,1],"2":[1,1,1,1],"3":[1,1],"4":[2,2],"5":[1,1],"6":[1,1],"7":[2,0],"8":[2,1,1,1,1,1],"9":[0,2,0],"10":[1,1],"11":[2,1,1],"12":[1,0],"13":[0,2],"14":[2,0,0,0,0,0,0],"15":[0,3],"16":[3,0],"17":[1,1],"18":[0,1],"19":[1,2,0,2],"20":[1,0],"21":[1,1],"22":[0,0],"23":[0,0],"24":[0,0],"25":[0,0],"26":[0,0],"27":[0,0],"28":[0,0]},"f":{"1":2,"2":2,"3":2,"4":2,"5":2,"6":2,"7":3,"8":3,"9":3,"10":1,"11":6,"12":0},"fnMap":{"1":{"name":"(anonymous_1)","line":26,"loc":{"start":{"line":26,"column":1},"end":{"line":26,"column":13}}},"2":{"name":"(anonymous_2)","line":33,"loc":{"start":{"line":33,"column":5},"end":{"line":33,"column":17}}},"3":{"name":"(anonymous_3)","line":37,"loc":{"start":{"line":37,"column":24},"end":{"line":37,"column":36}}},"4":{"name":"(anonymous_4)","line":69,"loc":{"start":{"line":69,"column":31},"end":{"line":69,"column":48}},"skip":true},"5":{"name":"(anonymous_5)","line":78,"loc":{"start":{"line":78,"column":26},"end":{"line":78,"column":45}},"skip":true},"6":{"name":"(anonymous_6)","line":123,"loc":{"start":{"line":123,"column":33},"end":{"line":123,"column":48}},"skip":true},"7":{"name":"(anonymous_7)","line":125,"loc":{"start":{"line":125,"column":27},"end":{"line":125,"column":39}},"skip":true},"8":{"name":"(anonymous_8)","line":133,"loc":{"start":{"line":133,"column":59},"end":{"line":133,"column":74}},"skip":true},"9":{"name":"(anonymous_9)","line":143,"loc":{"start":{"line":143,"column":45},"end":{"line":143,"column":62}},"skip":true},"10":{"name":"(anonymous_10)","line":144,"loc":{"start":{"line":144,"column":73},"end":{"line":144,"column":92}},"skip":true},"11":{"name":"(anonymous_11)","line":272,"loc":{"start":{"line":272,"column":51},"end":{"line":272,"column":77}},"skip":true},"12":{"name":"(anonymous_12)","line":315,"loc":{"start":{"line":315,"column":32},"end":{"line":315,"column":61}},"skip":true}},"statementMap":{"1":{"start":{"line":26,"column":0},"end":{"line":326,"column":5}},"2":{"start":{"line":28,"column":4},"end":{"line":28,"column":14}},"3":{"start":{"line":33,"column":4},"end":{"line":60,"column":9}},"4":{"start":{"line":35,"column":8},"end":{"line":35,"column":19}},"5":{"start":{"line":37,"column":8},"end":{"line":49,"column":13}},"6":{"start":{"line":38,"column":12},"end":{"line":48,"column":13}},"7":{"start":{"line":39,"column":16},"end":{"line":42,"column":30}},"8":{"start":{"line":44,"column":16},"end":{"line":47,"column":27}},"9":{"start":{"line":51,"column":8},"end":{"line":53,"column":21}},"10":{"start":{"line":55,"column":8},"end":{"line":57,"column":45}},"11":{"start":{"line":59,"column":8},"end":{"line":59,"column":35}},"12":{"start":{"line":61,"column":4},"end":{"line":325,"column":5}},"13":{"start":{"line":69,"column":8},"end":{"line":121,"column":10},"skip":true},"14":{"start":{"line":70,"column":12},"end":{"line":88,"column":13},"skip":true},"15":{"start":{"line":76,"column":16},"end":{"line":87,"column":19},"skip":true},"16":{"start":{"line":79,"column":20},"end":{"line":86,"column":21},"skip":true},"17":{"start":{"line":82,"column":24},"end":{"line":82,"column":43},"skip":true},"18":{"start":{"line":83,"column":24},"end":{"line":83,"column":30},"skip":true},"19":{"start":{"line":85,"column":24},"end":{"line":85,"column":49},"skip":true},"20":{"start":{"line":89,"column":12},"end":{"line":107,"column":13},"skip":true},"21":{"start":{"line":92,"column":16},"end":{"line":102,"column":17},"skip":true},"22":{"start":{"line":93,"column":20},"end":{"line":93,"column":86},"skip":true},"23":{"start":{"line":94,"column":20},"end":{"line":95,"column":45},"skip":true},"24":{"start":{"line":96,"column":20},"end":{"line":96,"column":42},"skip":true},"25":{"start":{"line":97,"column":20},"end":{"line":97,"column":48},"skip":true},"26":{"start":{"line":100,"column":20},"end":{"line":100,"column":85},"skip":true},"27":{"start":{"line":101,"column":20},"end":{"line":101,"column":96},"skip":true},"28":{"start":{"line":103,"column":16},"end":{"line":103,"column":22},"skip":true},"29":{"start":{"line":106,"column":16},"end":{"line":106,"column":22},"skip":true},"30":{"start":{"line":108,"column":12},"end":{"line":120,"column":13},"skip":true},"31":{"start":{"line":114,"column":16},"end":{"line":119,"column":17},"skip":true},"32":{"start":{"line":116,"column":20},"end":{"line":116,"column":78},"skip":true},"33":{"start":{"line":118,"column":20},"end":{"line":118,"column":47},"skip":true},"34":{"start":{"line":123,"column":8},"end":{"line":141,"column":11},"skip":true},"35":{"start":{"line":124,"column":12},"end":{"line":124,"column":54},"skip":true},"36":{"start":{"line":125,"column":12},"end":{"line":140,"column":14},"skip":true},"37":{"start":{"line":126,"column":16},"end":{"line":126,"column":28},"skip":true},"38":{"start":{"line":127,"column":16},"end":{"line":127,"column":69},"skip":true},"39":{"start":{"line":128,"column":16},"end":{"line":128,"column":75},"skip":true},"40":{"start":{"line":129,"column":16},"end":{"line":131,"column":17},"skip":true},"41":{"start":{"line":130,"column":20},"end":{"line":130,"column":27},"skip":true},"42":{"start":{"line":133,"column":16},"end":{"line":137,"column":36},"skip":true},"43":{"start":{"line":134,"column":20},"end":{"line":136,"column":55},"skip":true},"44":{"start":{"line":139,"column":16},"end":{"line":139,"column":57},"skip":true},"45":{"start":{"line":143,"column":8},"end":{"line":147,"column":11},"skip":true},"46":{"start":{"line":144,"column":12},"end":{"line":146,"column":15},"skip":true},"47":{"start":{"line":145,"column":16},"end":{"line":145,"column":70},"skip":true},"48":{"start":{"line":149,"column":8},"end":{"line":149,"column":31},"skip":true},"49":{"start":{"line":150,"column":8},"end":{"line":150,"column":14},"skip":true},"50":{"start":{"line":158,"column":8},"end":{"line":158,"column":31},"skip":true},"51":{"start":{"line":160,"column":8},"end":{"line":160,"column":33},"skip":true},"52":{"start":{"line":161,"column":8},"end":{"line":161,"column":37},"skip":true},"53":{"start":{"line":162,"column":8},"end":{"line":162,"column":35},"skip":true},"54":{"start":{"line":164,"column":8},"end":{"line":164,"column":50},"skip":true},"55":{"start":{"line":166,"column":8},"end":{"line":256,"column":2},"skip":true},"56":{"start":{"line":258,"column":8},"end":{"line":286,"column":9},"skip":true},"57":{"start":{"line":259,"column":12},"end":{"line":269,"column":14},"skip":true},"58":{"start":{"line":271,"column":12},"end":{"line":285,"column":19},"skip":true},"59":{"start":{"line":274,"column":20},"end":{"line":274,"column":35},"skip":true},"60":{"start":{"line":275,"column":20},"end":{"line":284,"column":21},"skip":true},"61":{"start":{"line":277,"column":24},"end":{"line":277,"column":64},"skip":true},"62":{"start":{"line":279,"column":24},"end":{"line":279,"column":40},"skip":true},"63":{"start":{"line":281,"column":24},"end":{"line":281,"column":40},"skip":true},"64":{"start":{"line":283,"column":24},"end":{"line":283,"column":39},"skip":true},"65":{"start":{"line":288,"column":8},"end":{"line":290,"column":9},"skip":true},"66":{"start":{"line":289,"column":12},"end":{"line":289,"column":18},"skip":true},"67":{"start":{"line":291,"column":8},"end":{"line":293,"column":54},"skip":true},"68":{"start":{"line":296,"column":8},"end":{"line":301,"column":37},"skip":true},"69":{"start":{"line":303,"column":8},"end":{"line":303,"column":82},"skip":true},"70":{"start":{"line":306,"column":8},"end":{"line":308,"column":9},"skip":true},"71":{"start":{"line":307,"column":12},"end":{"line":307,"column":82},"skip":true},"72":{"start":{"line":310,"column":8},"end":{"line":312,"column":9},"skip":true},"73":{"start":{"line":311,"column":12},"end":{"line":311,"column":18},"skip":true},"74":{"start":{"line":313,"column":8},"end":{"line":313,"column":54},"skip":true},"75":{"start":{"line":314,"column":8},"end":{"line":314,"column":69},"skip":true},"76":{"start":{"line":315,"column":8},"end":{"line":323,"column":36},"skip":true},"77":{"start":{"line":316,"column":12},"end":{"line":316,"column":61},"skip":true},"78":{"start":{"line":317,"column":12},"end":{"line":320,"column":13},"skip":true},"79":{"start":{"line":318,"column":16},"end":{"line":318,"column":75},"skip":true},"80":{"start":{"line":319,"column":16},"end":{"line":319,"column":23},"skip":true},"81":{"start":{"line":321,"column":12},"end":{"line":321,"column":38},"skip":true},"82":{"start":{"line":322,"column":12},"end":{"line":322,"column":27},"skip":true},"83":{"start":{"line":324,"column":8},"end":{"line":324,"column":14},"skip":true}},"branchMap":{"1":{"line":39,"type":"binary-expr","locations":[{"start":{"line":39,"column":23},"end":{"line":39,"column":62}},{"start":{"line":40,"column":20},"end":{"line":40,"column":70}},{"start":{"line":41,"column":20},"end":{"line":41,"column":71}},{"start":{"line":42,"column":20},"end":{"line":42,"column":29}}]},"2":{"line":44,"type":"binary-expr","locations":[{"start":{"line":44,"column":23},"end":{"line":44,"column":37}},{"start":{"line":45,"column":20},"end":{"line":45,"column":61}},{"start":{"line":46,"column":20},"end":{"line":46,"column":70}},{"start":{"line":47,"column":20},"end":{"line":47,"column":26}}]},"3":{"line":51,"type":"cond-expr","locations":[{"start":{"line":52,"column":14},"end":{"line":52,"column":20}},{"start":{"line":53,"column":14},"end":{"line":53,"column":20}}]},"4":{"line":55,"type":"binary-expr","locations":[{"start":{"line":55,"column":16},"end":{"line":55,"column":44}},{"start":{"line":55,"column":49},"end":{"line":57,"column":43}}]},"5":{"line":55,"type":"cond-expr","locations":[{"start":{"line":56,"column":14},"end":{"line":56,"column":56}},{"start":{"line":57,"column":14},"end":{"line":57,"column":43}}]},"6":{"line":61,"type":"switch","locations":[{"start":{"line":68,"column":4},"end":{"line":150,"column":14},"skip":true},{"start":{"line":156,"column":4},"end":{"line":324,"column":14},"skip":true}]},"7":{"line":70,"type":"if","locations":[{"start":{"line":70,"column":12},"end":{"line":70,"column":12},"skip":true},{"start":{"line":70,"column":12},"end":{"line":70,"column":12},"skip":true}]},"8":{"line":70,"type":"binary-expr","locations":[{"start":{"line":70,"column":16},"end":{"line":70,"column":22},"skip":true},{"start":{"line":70,"column":27},"end":{"line":70,"column":32},"skip":true},{"start":{"line":71,"column":20},"end":{"line":71,"column":39},"skip":true},{"start":{"line":72,"column":20},"end":{"line":72,"column":49},"skip":true},{"start":{"line":73,"column":20},"end":{"line":73,"column":58},"skip":true},{"start":{"line":74,"column":20},"end":{"line":74,"column":69},"skip":true}]},"9":{"line":79,"type":"switch","locations":[{"start":{"line":80,"column":20},"end":{"line":80,"column":33},"skip":true},{"start":{"line":81,"column":20},"end":{"line":83,"column":30},"skip":true},{"start":{"line":84,"column":20},"end":{"line":85,"column":49},"skip":true}]},"10":{"line":89,"type":"switch","locations":[{"start":{"line":90,"column":12},"end":{"line":103,"column":22},"skip":true},{"start":{"line":105,"column":12},"end":{"line":106,"column":22},"skip":true}]},"11":{"line":89,"type":"binary-expr","locations":[{"start":{"line":89,"column":20},"end":{"line":89,"column":25},"skip":true},{"start":{"line":89,"column":29},"end":{"line":89,"column":48},"skip":true},{"start":{"line":89,"column":52},"end":{"line":89,"column":74},"skip":true}]},"12":{"line":92,"type":"if","locations":[{"start":{"line":92,"column":16},"end":{"line":92,"column":16},"skip":true},{"start":{"line":92,"column":16},"end":{"line":92,"column":16},"skip":true}]},"13":{"line":108,"type":"if","locations":[{"start":{"line":108,"column":12},"end":{"line":108,"column":12},"skip":true},{"start":{"line":108,"column":12},"end":{"line":108,"column":12},"skip":true}]},"14":{"line":108,"type":"binary-expr","locations":[{"start":{"line":108,"column":16},"end":{"line":108,"column":61},"skip":true},{"start":{"line":108,"column":66},"end":{"line":108,"column":72},"skip":true},{"start":{"line":108,"column":77},"end":{"line":108,"column":82},"skip":true},{"start":{"line":109,"column":20},"end":{"line":109,"column":39},"skip":true},{"start":{"line":110,"column":20},"end":{"line":110,"column":49},"skip":true},{"start":{"line":111,"column":20},"end":{"line":111,"column":58},"skip":true},{"start":{"line":112,"column":20},"end":{"line":112,"column":68},"skip":true}]},"15":{"line":129,"type":"if","locations":[{"start":{"line":129,"column":16},"end":{"line":129,"column":16},"skip":true},{"start":{"line":129,"column":16},"end":{"line":129,"column":16},"skip":true}]},"16":{"line":134,"type":"cond-expr","locations":[{"start":{"line":135,"column":26},"end":{"line":135,"column":29},"skip":true},{"start":{"line":136,"column":26},"end":{"line":136,"column":54},"skip":true}]},"17":{"line":164,"type":"binary-expr","locations":[{"start":{"line":164,"column":27},"end":{"line":164,"column":43},"skip":true},{"start":{"line":164,"column":47},"end":{"line":164,"column":49},"skip":true}]},"18":{"line":258,"type":"if","locations":[{"start":{"line":258,"column":8},"end":{"line":258,"column":8},"skip":true},{"start":{"line":258,"column":8},"end":{"line":258,"column":8},"skip":true}]},"19":{"line":275,"type":"switch","locations":[{"start":{"line":276,"column":20},"end":{"line":277,"column":64},"skip":true},{"start":{"line":278,"column":20},"end":{"line":279,"column":40},"skip":true},{"start":{"line":280,"column":20},"end":{"line":281,"column":40},"skip":true},{"start":{"line":282,"column":20},"end":{"line":283,"column":39},"skip":true}]},"20":{"line":288,"type":"if","locations":[{"start":{"line":288,"column":8},"end":{"line":288,"column":8},"skip":true},{"start":{"line":288,"column":8},"end":{"line":288,"column":8},"skip":true}]},"21":{"line":288,"type":"binary-expr","locations":[{"start":{"line":288,"column":12},"end":{"line":288,"column":40},"skip":true},{"start":{"line":288,"column":44},"end":{"line":288,"column":67},"skip":true}]},"22":{"line":292,"type":"binary-expr","locations":[{"start":{"line":292,"column":12},"end":{"line":292,"column":50},"skip":true},{"start":{"line":293,"column":12},"end":{"line":293,"column":53},"skip":true}]},"23":{"line":297,"type":"binary-expr","locations":[{"start":{"line":297,"column":12},"end":{"line":297,"column":70},"skip":true},{"start":{"line":298,"column":12},"end":{"line":301,"column":36},"skip":true}]},"24":{"line":303,"type":"binary-expr","locations":[{"start":{"line":303,"column":43},"end":{"line":303,"column":75},"skip":true},{"start":{"line":303,"column":79},"end":{"line":303,"column":81},"skip":true}]},"25":{"line":306,"type":"if","locations":[{"start":{"line":306,"column":8},"end":{"line":306,"column":8},"skip":true},{"start":{"line":306,"column":8},"end":{"line":306,"column":8},"skip":true}]},"26":{"line":310,"type":"if","locations":[{"start":{"line":310,"column":8},"end":{"line":310,"column":8},"skip":true},{"start":{"line":310,"column":8},"end":{"line":310,"column":8},"skip":true}]},"27":{"line":313,"type":"binary-expr","locations":[{"start":{"line":313,"column":27},"end":{"line":313,"column":43},"skip":true},{"start":{"line":313,"column":47},"end":{"line":313,"column":53},"skip":true}]},"28":{"line":317,"type":"if","locations":[{"start":{"line":317,"column":12},"end":{"line":317,"column":12},"skip":true},{"start":{"line":317,"column":12},"end":{"line":317,"column":12},"skip":true}]}},"code":["/*","example.js","","quickstart example","","instruction","    1. save this script as example.js","    2. run the shell command:","        $ npm install npmtest-editorconfig && PORT=8081 node example.js","    3. play with the browser-demo on http://127.0.0.1:8081","*/","","","","/* istanbul instrument in package npmtest_editorconfig */","/*jslint","    bitwise: true,","    browser: true,","    maxerr: 8,","    maxlen: 96,","    node: true,","    nomen: true,","    regexp: true,","    stupid: true","*/","(function () {","    'use strict';","    var local;","","","","    // run shared js-env code - pre-init","    (function () {","        // init local","        local = {};","        // init modeJs","        local.modeJs = (function () {","            try {","                return typeof navigator.userAgent === 'string' &&","                    typeof document.querySelector('body') === 'object' &&","                    typeof XMLHttpRequest.prototype.open === 'function' &&","                    'browser';","            } catch (errorCaughtBrowser) {","                return module.exports &&","                    typeof process.versions.node === 'string' &&","                    typeof require('http').createServer === 'function' &&","                    'node';","            }","        }());","        // init global","        local.global = local.modeJs === 'browser'","            ? window","            : global;","        // init utility2_rollup","        local = local.global.utility2_rollup || (local.modeJs === 'browser'","            ? local.global.utility2_npmtest_editorconfig","            : global.utility2_moduleExports);","        // export local","        local.global.local = local;","    }());","    switch (local.modeJs) {","","","","    // post-init","    // run browser js-env code - post-init","    /* istanbul ignore next */","    case 'browser':","        local.testRunBrowser = function (event) {","            if (!event || (event &&","                    event.currentTarget &&","                    event.currentTarget.className &&","                    event.currentTarget.className.includes &&","                    event.currentTarget.className.includes('onreset'))) {","                // reset output","                Array.from(","                    document.querySelectorAll('body > .resettable')","                ).forEach(function (element) {","                    switch (element.tagName) {","                    case 'INPUT':","                    case 'TEXTAREA':","                        element.value = '';","                        break;","                    default:","                        element.textContent = '';","                    }","                });","            }","            switch (event && event.currentTarget && event.currentTarget.id) {","            case 'testRunButton1':","                // show tests","                if (document.querySelector('#testReportDiv1').style.display === 'none') {","                    document.querySelector('#testReportDiv1').style.display = 'block';","                    document.querySelector('#testRunButton1').textContent =","                        'hide internal test';","                    local.modeTest = true;","                    local.testRunDefault(local);","                // hide tests","                } else {","                    document.querySelector('#testReportDiv1').style.display = 'none';","                    document.querySelector('#testRunButton1').textContent = 'run internal test';","                }","                break;","            // custom-case","            default:","                break;","            }","            if (document.querySelector('#inputTextareaEval1') && (!event || (event &&","                    event.currentTarget &&","                    event.currentTarget.className &&","                    event.currentTarget.className.includes &&","                    event.currentTarget.className.includes('oneval')))) {","                // try to eval input-code","                try {","                    /*jslint evil: true*/","                    eval(document.querySelector('#inputTextareaEval1').value);","                } catch (errorCaught) {","                    console.error(errorCaught);","                }","            }","        };","        // log stderr and stdout to #outputTextareaStdout1","        ['error', 'log'].forEach(function (key) {","            console[key + '_original'] = console[key];","            console[key] = function () {","                var element;","                console[key + '_original'].apply(console, arguments);","                element = document.querySelector('#outputTextareaStdout1');","                if (!element) {","                    return;","                }","                // append text to #outputTextareaStdout1","                element.value += Array.from(arguments).map(function (arg) {","                    return typeof arg === 'string'","                        ? arg","                        : JSON.stringify(arg, null, 4);","                }).join(' ') + '\\n';","                // scroll textarea to bottom","                element.scrollTop = element.scrollHeight;","            };","        });","        // init event-handling","        ['change', 'click', 'keyup'].forEach(function (event) {","            Array.from(document.querySelectorAll('.on' + event)).forEach(function (element) {","                element.addEventListener(event, local.testRunBrowser);","            });","        });","        // run tests","        local.testRunBrowser();","        break;","","","","    // run node js-env code - post-init","    /* istanbul ignore next */","    case 'node':","        // export local","        module.exports = local;","        // require modules","        local.fs = require('fs');","        local.http = require('http');","        local.url = require('url');","        // init assets","        local.assetsDict = local.assetsDict || {};","        /* jslint-ignore-begin */","        local.assetsDict['/assets.index.template.html'] = '\\","<!doctype html>\\n\\","<html lang=\"en\">\\n\\","<head>\\n\\","<meta charset=\"UTF-8\">\\n\\","<meta name=\"viewport\" content=\"width=device-width, initial-scale=1\">\\n\\","<title>{{env.npm_package_name}} (v{{env.npm_package_version}})</title>\\n\\","<style>\\n\\","/*csslint\\n\\","    box-sizing: false,\\n\\","    universal-selector: false\\n\\","*/\\n\\","* {\\n\\","    box-sizing: border-box;\\n\\","}\\n\\","body {\\n\\","    background: #dde;\\n\\","    font-family: Arial, Helvetica, sans-serif;\\n\\","    margin: 2rem;\\n\\","}\\n\\","body > * {\\n\\","    margin-bottom: 1rem;\\n\\","}\\n\\",".utility2FooterDiv {\\n\\","    margin-top: 20px;\\n\\","    text-align: center;\\n\\","}\\n\\","</style>\\n\\","<style>\\n\\","/*csslint\\n\\","*/\\n\\","textarea {\\n\\","    font-family: monospace;\\n\\","    height: 10rem;\\n\\","    width: 100%;\\n\\","}\\n\\","textarea[readonly] {\\n\\","    background: #ddd;\\n\\","}\\n\\","</style>\\n\\","</head>\\n\\","<body>\\n\\","<!-- utility2-comment\\n\\","<div id=\"ajaxProgressDiv1\" style=\"background: #d00; height: 2px; left: 0; margin: 0; padding: 0; position: fixed; top: 0; transition: background 0.5s, width 1.5s; width: 25%;\"></div>\\n\\","utility2-comment -->\\n\\","<h1>\\n\\","<!-- utility2-comment\\n\\","    <a\\n\\","        {{#if env.npm_package_homepage}}\\n\\","        href=\"{{env.npm_package_homepage}}\"\\n\\","        {{/if env.npm_package_homepage}}\\n\\","        target=\"_blank\"\\n\\","    >\\n\\","utility2-comment -->\\n\\","        {{env.npm_package_name}} (v{{env.npm_package_version}})\\n\\","<!-- utility2-comment\\n\\","    </a>\\n\\","utility2-comment -->\\n\\","</h1>\\n\\","<h3>{{env.npm_package_description}}</h3>\\n\\","<!-- utility2-comment\\n\\","<h4><a download href=\"assets.app.js\">download standalone app</a></h4>\\n\\","<button class=\"onclick onreset\" id=\"testRunButton1\">run internal test</button><br>\\n\\","<div id=\"testReportDiv1\" style=\"display: none;\"></div>\\n\\","utility2-comment -->\\n\\","\\n\\","\\n\\","\\n\\","<label>stderr and stdout</label>\\n\\","<textarea class=\"resettable\" id=\"outputTextareaStdout1\" readonly></textarea>\\n\\","<!-- utility2-comment\\n\\","{{#if isRollup}}\\n\\","<script src=\"assets.app.js\"></script>\\n\\","{{#unless isRollup}}\\n\\","utility2-comment -->\\n\\","<script src=\"assets.utility2.rollup.js\"></script>\\n\\","<script src=\"jsonp.utility2._stateInit?callback=window.utility2._stateInit\"></script>\\n\\","<script src=\"assets.npmtest_editorconfig.rollup.js\"></script>\\n\\","<script src=\"assets.example.js\"></script>\\n\\","<script src=\"assets.test.js\"></script>\\n\\","<!-- utility2-comment\\n\\","{{/if isRollup}}\\n\\","utility2-comment -->\\n\\","<div class=\"utility2FooterDiv\">\\n\\","    [ this app was created with\\n\\","    <a href=\"https://github.com/kaizhu256/node-utility2\" target=\"_blank\">utility2</a>\\n\\","    ]\\n\\","</div>\\n\\","</body>\\n\\","</html>\\n\\","';","        /* jslint-ignore-end */","        if (local.templateRender) {","            local.assetsDict['/'] = local.templateRender(","                local.assetsDict['/assets.index.template.html'],","                {","                    env: local.objectSetDefault(local.env, {","                        npm_package_description: 'the greatest app in the world!',","                        npm_package_name: 'my-app',","                        npm_package_nameAlias: 'my_app',","                        npm_package_version: '0.0.1'","                    })","                }","            );","        } else {","            local.assetsDict['/'] = local.assetsDict['/assets.index.template.html']","                .replace((/\\{\\{env\\.(\\w+?)\\}\\}/g), function (match0, match1) {","                    // jslint-hack","                    String(match0);","                    switch (match1) {","                    case 'npm_package_description':","                        return 'the greatest app in the world!';","                    case 'npm_package_name':","                        return 'my-app';","                    case 'npm_package_nameAlias':","                        return 'my_app';","                    case 'npm_package_version':","                        return '0.0.1';","                    }","                });","        }","        // run the cli","        if (local.global.utility2_rollup || module !== require.main) {","            break;","        }","        local.assetsDict['/assets.example.js'] =","            local.assetsDict['/assets.example.js'] ||","            local.fs.readFileSync(__filename, 'utf8');","        // bug-workaround - long $npm_package_buildCustomOrg","        /* jslint-ignore-begin */","        local.assetsDict['/assets.npmtest_editorconfig.rollup.js'] =","            local.assetsDict['/assets.npmtest_editorconfig.rollup.js'] ||","            local.fs.readFileSync(","                local.npmtest_editorconfig.__dirname + '/lib.npmtest_editorconfig.js',","                'utf8'","            ).replace((/^#!/), '//');","        /* jslint-ignore-end */","        local.assetsDict['/favicon.ico'] = local.assetsDict['/favicon.ico'] || '';","        // if $npm_config_timeout_exit exists,","        // then exit this process after $npm_config_timeout_exit ms","        if (Number(process.env.npm_config_timeout_exit)) {","            setTimeout(process.exit, Number(process.env.npm_config_timeout_exit));","        }","        // start server","        if (local.global.utility2_serverHttp1) {","            break;","        }","        process.env.PORT = process.env.PORT || '8081';","        console.error('server starting on port ' + process.env.PORT);","        local.http.createServer(function (request, response) {","            request.urlParsed = local.url.parse(request.url);","            if (local.assetsDict[request.urlParsed.pathname] !== undefined) {","                response.end(local.assetsDict[request.urlParsed.pathname]);","                return;","            }","            response.statusCode = 404;","            response.end();","        }).listen(process.env.PORT);","        break;","    }","}());",""],"l":{"26":2,"28":2,"33":2,"35":2,"37":2,"38":2,"39":2,"44":1,"51":2,"55":2,"59":2,"61":2,"69":1,"70":2,"76":2,"79":2,"82":2,"83":2,"85":1,"89":2,"92":1,"93":1,"94":1,"96":1,"97":1,"100":1,"101":1,"103":1,"106":1,"108":2,"114":1,"116":1,"118":1,"123":1,"124":2,"125":2,"126":3,"127":3,"128":3,"129":3,"130":1,"133":3,"134":3,"139":3,"143":1,"144":3,"145":1,"149":1,"150":1,"158":1,"160":1,"161":1,"162":1,"164":1,"166":1,"258":1,"259":1,"271":1,"274":6,"275":6,"277":1,"279":2,"281":1,"283":2,"288":1,"289":1,"291":1,"296":1,"303":1,"306":1,"307":1,"310":1,"311":1,"313":1,"314":1,"315":1,"316":1,"317":1,"318":1,"319":1,"321":1,"322":1,"324":1}},"/home/travis/build/npmtest/node-npmtest-editorconfig/node_modules/editorconfig/editorconfig.js":{"path":"/home/travis/build/npmtest/node-npmtest-editorconfig/node_modules/editorconfig/editorconfig.js","s":{"1":1,"2":1,"3":1,"4":1,"5":1,"6":1,"7":1,"8":1,"9":1,"10":1,"11":1,"12":6,"13":6,"14":1,"15":0,"16":0,"17":0,"18":1,"19":0,"20":0,"21":0,"22":0,"23":0,"24":1,"25":0,"26":0,"27":0,"28":0,"29":0,"30":1,"31":0,"32":0,"33":0,"34":0,"35":0,"36":0,"37":0,"38":1,"39":0,"40":0,"41":1,"42":0,"43":0,"44":0,"45":0,"46":0,"47":0,"48":1,"49":0,"50":0,"51":0,"52":0,"53":0,"54":0,"55":0,"56":0,"57":0,"58":0,"59":0,"60":1,"61":0,"62":0,"63":0,"64":0,"65":0,"66":0,"67":0,"68":0,"69":0,"70":0,"71":0,"72":0,"73":0,"74":1,"75":0,"76":0,"77":0,"78":0,"79":0,"80":0,"81":0,"82":0,"83":0,"84":0,"85":0,"86":0,"87":0,"88":0,"89":1,"90":0,"91":1,"92":1,"93":0,"94":0,"95":0,"96":0,"97":0,"98":0,"99":0,"100":1,"101":0,"102":0,"103":0,"104":0,"105":0,"106":0,"107":0,"108":0,"109":1,"110":0,"111":0,"112":0,"113":0,"114":1,"115":0,"116":0,"117":0,"118":0,"119":0,"120":0,"121":0,"122":0,"123":1,"124":0,"125":0,"126":0,"127":0,"128":1,"129":0,"130":0,"131":0,"132":1,"133":0,"134":0,"135":0,"136":0,"137":0,"138":0,"139":1,"140":0,"141":0,"142":0,"143":0,"144":0},"b":{"1":[0,0],"2":[0,0],"3":[0,0],"4":[0,0,0,0],"5":[0,0],"6":[0,0,0],"7":[0,0],"8":[0,0,0],"9":[0,0],"10":[0,0],"11":[0,0],"12":[0,0],"13":[0,0],"14":[0,0],"15":[0,0],"16":[0,0],"17":[0,0],"18":[0,0],"19":[0,0],"20":[0,0],"21":[0,0],"22":[0,0],"23":[0,0],"24":[0,0]},"f":{"1":6,"2":0,"3":0,"4":0,"5":0,"6":0,"7":0,"8":0,"9":0,"10":0,"11":0,"12":0,"13":0,"14":0,"15":0,"16":0,"17":0,"18":0,"19":0,"20":0,"21":0,"22":0,"23":0,"24":0,"25":0,"26":0,"27":0,"28":0,"29":0,"30":0,"31":0,"32":0,"33":0},"fnMap":{"1":{"name":"(anonymous_1)","line":20,"loc":{"start":{"line":20,"column":9},"end":{"line":20,"column":30}}},"2":{"name":"fnmatch","line":25,"loc":{"start":{"line":25,"column":0},"end":{"line":25,"column":33}}},"3":{"name":"getConfigFileNames","line":31,"loc":{"start":{"line":31,"column":0},"end":{"line":31,"column":47}}},"4":{"name":"getFilepathRoot","line":40,"loc":{"start":{"line":40,"column":0},"end":{"line":40,"column":35}}},"5":{"name":"processMatches","line":51,"loc":{"start":{"line":51,"column":0},"end":{"line":51,"column":42}}},"6":{"name":"processOptions","line":73,"loc":{"start":{"line":73,"column":0},"end":{"line":73,"column":43}}},"7":{"name":"buildFullGlob","line":82,"loc":{"start":{"line":82,"column":0},"end":{"line":82,"column":41}}},"8":{"name":"extendProps","line":90,"loc":{"start":{"line":90,"column":0},"end":{"line":90,"column":37}}},"9":{"name":"parseFromFiles","line":110,"loc":{"start":{"line":110,"column":0},"end":{"line":110,"column":50}}},"10":{"name":"(anonymous_10)","line":111,"loc":{"start":{"line":111,"column":40},"end":{"line":111,"column":59}}},"11":{"name":"(anonymous_11)","line":113,"loc":{"start":{"line":113,"column":12},"end":{"line":113,"column":37}}},"12":{"name":"(anonymous_12)","line":115,"loc":{"start":{"line":115,"column":26},"end":{"line":115,"column":45}}},"13":{"name":"(anonymous_13)","line":123,"loc":{"start":{"line":123,"column":14},"end":{"line":123,"column":33}}},"14":{"name":"parseFromFilesSync","line":128,"loc":{"start":{"line":128,"column":0},"end":{"line":128,"column":54}}},"15":{"name":"(anonymous_15)","line":132,"loc":{"start":{"line":132,"column":18},"end":{"line":132,"column":35}}},"16":{"name":"(anonymous_16)","line":134,"loc":{"start":{"line":134,"column":28},"end":{"line":134,"column":46}}},"17":{"name":"StopReduce","line":145,"loc":{"start":{"line":145,"column":0},"end":{"line":145,"column":27}}},"18":{"name":"getConfigsForFiles","line":151,"loc":{"start":{"line":151,"column":0},"end":{"line":151,"column":35}}},"19":{"name":"(anonymous_19)","line":152,"loc":{"start":{"line":152,"column":31},"end":{"line":152,"column":56}}},"20":{"name":"(anonymous_20)","line":162,"loc":{"start":{"line":162,"column":27},"end":{"line":162,"column":43}}},"21":{"name":"getConfigsForFilesSync","line":167,"loc":{"start":{"line":167,"column":0},"end":{"line":167,"column":39}}},"22":{"name":"readConfigFiles","line":183,"loc":{"start":{"line":183,"column":0},"end":{"line":183,"column":36}}},"23":{"name":"(anonymous_23)","line":184,"loc":{"start":{"line":184,"column":32},"end":{"line":184,"column":48}}},"24":{"name":"(anonymous_24)","line":185,"loc":{"start":{"line":185,"column":45},"end":{"line":185,"column":57}}},"25":{"name":"(anonymous_25)","line":187,"loc":{"start":{"line":187,"column":12},"end":{"line":187,"column":32}}},"26":{"name":"readConfigFilesSync","line":193,"loc":{"start":{"line":193,"column":0},"end":{"line":193,"column":40}}},"27":{"name":"(anonymous_27)","line":196,"loc":{"start":{"line":196,"column":20},"end":{"line":196,"column":39}}},"28":{"name":"(anonymous_28)","line":207,"loc":{"start":{"line":207,"column":32},"end":{"line":207,"column":68}}},"29":{"name":"(anonymous_29)","line":208,"loc":{"start":{"line":208,"column":22},"end":{"line":208,"column":49}}},"30":{"name":"(anonymous_30)","line":215,"loc":{"start":{"line":215,"column":36},"end":{"line":215,"column":72}}},"31":{"name":"(anonymous_31)","line":221,"loc":{"start":{"line":221,"column":23},"end":{"line":221,"column":52}}},"32":{"name":"(anonymous_32)","line":222,"loc":{"start":{"line":222,"column":22},"end":{"line":222,"column":49}}},"33":{"name":"(anonymous_33)","line":231,"loc":{"start":{"line":231,"column":27},"end":{"line":231,"column":56}}}},"statementMap":{"1":{"start":{"line":1,"column":0},"end":{"line":1,"column":23}},"2":{"start":{"line":2,"column":0},"end":{"line":2,"column":27}},"3":{"start":{"line":3,"column":0},"end":{"line":3,"column":23}},"4":{"start":{"line":4,"column":0},"end":{"line":4,"column":27}},"5":{"start":{"line":5,"column":0},"end":{"line":5,"column":34}},"6":{"start":{"line":6,"column":0},"end":{"line":6,"column":50}},"7":{"start":{"line":8,"column":0},"end":{"line":8,"column":41}},"8":{"start":{"line":9,"column":0},"end":{"line":9,"column":37}},"9":{"start":{"line":10,"column":0},"end":{"line":10,"column":39}},"10":{"start":{"line":11,"column":0},"end":{"line":11,"column":36}},"11":{"start":{"line":13,"column":0},"end":{"line":23,"column":7}},"12":{"start":{"line":21,"column":2},"end":{"line":21,"column":19}},"13":{"start":{"line":22,"column":2},"end":{"line":22,"column":13}},"14":{"start":{"line":25,"column":0},"end":{"line":29,"column":1}},"15":{"start":{"line":26,"column":2},"end":{"line":26,"column":63}},"16":{"start":{"line":27,"column":2},"end":{"line":27,"column":47}},"17":{"start":{"line":28,"column":2},"end":{"line":28,"column":49}},"18":{"start":{"line":31,"column":0},"end":{"line":38,"column":1}},"19":{"start":{"line":32,"column":2},"end":{"line":32,"column":17}},"20":{"start":{"line":33,"column":2},"end":{"line":36,"column":38}},"21":{"start":{"line":34,"column":4},"end":{"line":34,"column":38}},"22":{"start":{"line":35,"column":4},"end":{"line":35,"column":52}},"23":{"start":{"line":37,"column":2},"end":{"line":37,"column":15}},"24":{"start":{"line":40,"column":0},"end":{"line":49,"column":1}},"25":{"start":{"line":41,"column":2},"end":{"line":44,"column":3}},"26":{"start":{"line":43,"column":4},"end":{"line":43,"column":37}},"27":{"start":{"line":45,"column":2},"end":{"line":47,"column":3}},"28":{"start":{"line":46,"column":4},"end":{"line":46,"column":71}},"29":{"start":{"line":48,"column":2},"end":{"line":48,"column":13}},"30":{"start":{"line":51,"column":0},"end":{"line":71,"column":1}},"31":{"start":{"line":54,"column":2},"end":{"line":57,"column":3}},"32":{"start":{"line":56,"column":4},"end":{"line":56,"column":32}},"33":{"start":{"line":61,"column":2},"end":{"line":63,"column":44}},"34":{"start":{"line":63,"column":4},"end":{"line":63,"column":44}},"35":{"start":{"line":66,"column":2},"end":{"line":68,"column":44}},"36":{"start":{"line":68,"column":4},"end":{"line":68,"column":44}},"37":{"start":{"line":70,"column":2},"end":{"line":70,"column":17}},"38":{"start":{"line":73,"column":0},"end":{"line":80,"column":1}},"39":{"start":{"line":74,"column":2},"end":{"line":74,"column":26}},"40":{"start":{"line":75,"column":2},"end":{"line":79,"column":4}},"41":{"start":{"line":82,"column":0},"end":{"line":88,"column":1}},"42":{"start":{"line":83,"column":2},"end":{"line":86,"column":3}},"43":{"start":{"line":84,"column":13},"end":{"line":84,"column":33}},"44":{"start":{"line":84,"column":34},"end":{"line":84,"column":40}},"45":{"start":{"line":85,"column":13},"end":{"line":85,"column":38}},"46":{"start":{"line":85,"column":39},"end":{"line":85,"column":45}},"47":{"start":{"line":87,"column":2},"end":{"line":87,"column":37}},"48":{"start":{"line":90,"column":0},"end":{"line":108,"column":1}},"49":{"start":{"line":91,"column":2},"end":{"line":106,"column":3}},"50":{"start":{"line":92,"column":4},"end":{"line":92,"column":29}},"51":{"start":{"line":93,"column":4},"end":{"line":93,"column":28}},"52":{"start":{"line":94,"column":4},"end":{"line":96,"column":5}},"53":{"start":{"line":95,"column":6},"end":{"line":95,"column":34}},"54":{"start":{"line":97,"column":4},"end":{"line":99,"column":17}},"55":{"start":{"line":98,"column":6},"end":{"line":98,"column":32}},"56":{"start":{"line":100,"column":4},"end":{"line":104,"column":5}},"57":{"start":{"line":103,"column":6},"end":{"line":103,"column":28}},"58":{"start":{"line":105,"column":4},"end":{"line":105,"column":23}},"59":{"start":{"line":107,"column":2},"end":{"line":107,"column":15}},"60":{"start":{"line":110,"column":0},"end":{"line":126,"column":1}},"61":{"start":{"line":111,"column":2},"end":{"line":125,"column":5}},"62":{"start":{"line":112,"column":4},"end":{"line":112,"column":29}},"63":{"start":{"line":114,"column":4},"end":{"line":114,"column":45}},"64":{"start":{"line":115,"column":4},"end":{"line":121,"column":7}},"65":{"start":{"line":116,"column":6},"end":{"line":116,"column":50}},"66":{"start":{"line":117,"column":6},"end":{"line":117,"column":24}},"67":{"start":{"line":117,"column":17},"end":{"line":117,"column":24}},"68":{"start":{"line":118,"column":6},"end":{"line":118,"column":53}},"69":{"start":{"line":119,"column":6},"end":{"line":119,"column":47}},"70":{"start":{"line":119,"column":40},"end":{"line":119,"column":47}},"71":{"start":{"line":120,"column":6},"end":{"line":120,"column":46}},"72":{"start":{"line":122,"column":4},"end":{"line":122,"column":19}},"73":{"start":{"line":124,"column":4},"end":{"line":124,"column":52}},"74":{"start":{"line":128,"column":0},"end":{"line":143,"column":1}},"75":{"start":{"line":129,"column":2},"end":{"line":129,"column":46}},"76":{"start":{"line":130,"column":2},"end":{"line":130,"column":20}},"77":{"start":{"line":131,"column":2},"end":{"line":131,"column":19}},"78":{"start":{"line":132,"column":2},"end":{"line":141,"column":5}},"79":{"start":{"line":133,"column":4},"end":{"line":133,"column":47}},"80":{"start":{"line":134,"column":4},"end":{"line":140,"column":7}},"81":{"start":{"line":135,"column":6},"end":{"line":135,"column":50}},"82":{"start":{"line":136,"column":6},"end":{"line":136,"column":24}},"83":{"start":{"line":136,"column":17},"end":{"line":136,"column":24}},"84":{"start":{"line":137,"column":6},"end":{"line":137,"column":53}},"85":{"start":{"line":138,"column":6},"end":{"line":138,"column":47}},"86":{"start":{"line":138,"column":40},"end":{"line":138,"column":47}},"87":{"start":{"line":139,"column":6},"end":{"line":139,"column":46}},"88":{"start":{"line":142,"column":2},"end":{"line":142,"column":50}},"89":{"start":{"line":145,"column":0},"end":{"line":147,"column":1}},"90":{"start":{"line":146,"column":2},"end":{"line":146,"column":21}},"91":{"start":{"line":149,"column":0},"end":{"line":149,"column":54}},"92":{"start":{"line":151,"column":0},"end":{"line":165,"column":1}},"93":{"start":{"line":152,"column":2},"end":{"line":164,"column":5}},"94":{"start":{"line":153,"column":4},"end":{"line":153,"column":56}},"95":{"start":{"line":154,"column":4},"end":{"line":157,"column":7}},"96":{"start":{"line":158,"column":4},"end":{"line":160,"column":5}},"97":{"start":{"line":159,"column":6},"end":{"line":159,"column":53}},"98":{"start":{"line":161,"column":4},"end":{"line":161,"column":19}},"99":{"start":{"line":163,"column":4},"end":{"line":163,"column":22}},"100":{"start":{"line":167,"column":0},"end":{"line":181,"column":1}},"101":{"start":{"line":168,"column":2},"end":{"line":168,"column":19}},"102":{"start":{"line":169,"column":2},"end":{"line":179,"column":3}},"103":{"start":{"line":170,"column":4},"end":{"line":170,"column":24}},"104":{"start":{"line":171,"column":4},"end":{"line":171,"column":56}},"105":{"start":{"line":172,"column":4},"end":{"line":175,"column":7}},"106":{"start":{"line":176,"column":4},"end":{"line":178,"column":5}},"107":{"start":{"line":177,"column":6},"end":{"line":177,"column":12}},"108":{"start":{"line":180,"column":2},"end":{"line":180,"column":17}},"109":{"start":{"line":183,"column":0},"end":{"line":191,"column":1}},"110":{"start":{"line":184,"column":2},"end":{"line":190,"column":5}},"111":{"start":{"line":185,"column":4},"end":{"line":189,"column":7}},"112":{"start":{"line":186,"column":6},"end":{"line":186,"column":16}},"113":{"start":{"line":188,"column":6},"end":{"line":188,"column":46}},"114":{"start":{"line":193,"column":0},"end":{"line":205,"column":1}},"115":{"start":{"line":194,"column":2},"end":{"line":194,"column":17}},"116":{"start":{"line":195,"column":2},"end":{"line":195,"column":11}},"117":{"start":{"line":196,"column":2},"end":{"line":203,"column":5}},"118":{"start":{"line":197,"column":4},"end":{"line":201,"column":5}},"119":{"start":{"line":198,"column":6},"end":{"line":198,"column":47}},"120":{"start":{"line":200,"column":6},"end":{"line":200,"column":16}},"121":{"start":{"line":202,"column":4},"end":{"line":202,"column":49}},"122":{"start":{"line":204,"column":2},"end":{"line":204,"column":15}},"123":{"start":{"line":207,"column":0},"end":{"line":213,"column":2}},"124":{"start":{"line":208,"column":2},"end":{"line":212,"column":5}},"125":{"start":{"line":209,"column":4},"end":{"line":209,"column":38}},"126":{"start":{"line":210,"column":4},"end":{"line":210,"column":48}},"127":{"start":{"line":211,"column":4},"end":{"line":211,"column":54}},"128":{"start":{"line":215,"column":0},"end":{"line":219,"column":2}},"129":{"start":{"line":216,"column":2},"end":{"line":216,"column":36}},"130":{"start":{"line":217,"column":2},"end":{"line":217,"column":46}},"131":{"start":{"line":218,"column":2},"end":{"line":218,"column":54}},"132":{"start":{"line":221,"column":0},"end":{"line":229,"column":2}},"133":{"start":{"line":222,"column":2},"end":{"line":228,"column":5}},"134":{"start":{"line":223,"column":4},"end":{"line":223,"column":38}},"135":{"start":{"line":224,"column":4},"end":{"line":224,"column":48}},"136":{"start":{"line":225,"column":4},"end":{"line":225,"column":58}},"137":{"start":{"line":226,"column":4},"end":{"line":226,"column":43}},"138":{"start":{"line":227,"column":4},"end":{"line":227,"column":54}},"139":{"start":{"line":231,"column":0},"end":{"line":237,"column":2}},"140":{"start":{"line":232,"column":4},"end":{"line":232,"column":38}},"141":{"start":{"line":233,"column":4},"end":{"line":233,"column":48}},"142":{"start":{"line":234,"column":4},"end":{"line":234,"column":58}},"143":{"start":{"line":235,"column":4},"end":{"line":235,"column":47}},"144":{"start":{"line":236,"column":4},"end":{"line":236,"column":56}}},"branchMap":{"1":{"line":41,"type":"if","locations":[{"start":{"line":41,"column":2},"end":{"line":41,"column":2}},{"start":{"line":41,"column":2},"end":{"line":41,"column":2}}]},"2":{"line":45,"type":"if","locations":[{"start":{"line":45,"column":2},"end":{"line":45,"column":2}},{"start":{"line":45,"column":2},"end":{"line":45,"column":2}}]},"3":{"line":54,"type":"if","locations":[{"start":{"line":54,"column":2},"end":{"line":54,"column":2}},{"start":{"line":54,"column":2},"end":{"line":54,"column":2}}]},"4":{"line":54,"type":"binary-expr","locations":[{"start":{"line":54,"column":6},"end":{"line":54,"column":31}},{"start":{"line":54,"column":35},"end":{"line":54,"column":65}},{"start":{"line":55,"column":4},"end":{"line":55,"column":31}},{"start":{"line":55,"column":35},"end":{"line":55,"column":66}}]},"5":{"line":61,"type":"if","locations":[{"start":{"line":61,"column":2},"end":{"line":61,"column":2}},{"start":{"line":61,"column":2},"end":{"line":61,"column":2}}]},"6":{"line":61,"type":"binary-expr","locations":[{"start":{"line":61,"column":6},"end":{"line":61,"column":30}},{"start":{"line":61,"column":34},"end":{"line":61,"column":59}},{"start":{"line":62,"column":2},"end":{"line":62,"column":31}}]},"7":{"line":66,"type":"if","locations":[{"start":{"line":66,"column":2},"end":{"line":66,"column":2}},{"start":{"line":66,"column":2},"end":{"line":66,"column":2}}]},"8":{"line":66,"type":"binary-expr","locations":[{"start":{"line":66,"column":5},"end":{"line":66,"column":29}},{"start":{"line":66,"column":33},"end":{"line":66,"column":55}},{"start":{"line":67,"column":2},"end":{"line":67,"column":31}}]},"9":{"line":74,"type":"binary-expr","locations":[{"start":{"line":74,"column":12},"end":{"line":74,"column":19}},{"start":{"line":74,"column":23},"end":{"line":74,"column":25}}]},"10":{"line":76,"type":"binary-expr","locations":[{"start":{"line":76,"column":12},"end":{"line":76,"column":26}},{"start":{"line":76,"column":30},"end":{"line":76,"column":45}}]},"11":{"line":77,"type":"binary-expr","locations":[{"start":{"line":77,"column":25},"end":{"line":77,"column":40}},{"start":{"line":77,"column":44},"end":{"line":77,"column":55}}]},"12":{"line":78,"type":"binary-expr","locations":[{"start":{"line":78,"column":23},"end":{"line":78,"column":35}},{"start":{"line":78,"column":39},"end":{"line":78,"column":64}}]},"13":{"line":83,"type":"switch","locations":[{"start":{"line":84,"column":4},"end":{"line":84,"column":40}},{"start":{"line":85,"column":4},"end":{"line":85,"column":45}}]},"14":{"line":94,"type":"if","locations":[{"start":{"line":94,"column":4},"end":{"line":94,"column":4}},{"start":{"line":94,"column":4},"end":{"line":94,"column":4}}]},"15":{"line":100,"type":"if","locations":[{"start":{"line":100,"column":4},"end":{"line":100,"column":4}},{"start":{"line":100,"column":4},"end":{"line":100,"column":4}}]},"16":{"line":100,"type":"binary-expr","locations":[{"start":{"line":100,"column":8},"end":{"line":100,"column":36}},{"start":{"line":100,"column":40},"end":{"line":100,"column":54}}]},"17":{"line":117,"type":"if","locations":[{"start":{"line":117,"column":6},"end":{"line":117,"column":6}},{"start":{"line":117,"column":6},"end":{"line":117,"column":6}}]},"18":{"line":119,"type":"if","locations":[{"start":{"line":119,"column":6},"end":{"line":119,"column":6}},{"start":{"line":119,"column":6},"end":{"line":119,"column":6}}]},"19":{"line":136,"type":"if","locations":[{"start":{"line":136,"column":6},"end":{"line":136,"column":6}},{"start":{"line":136,"column":6},"end":{"line":136,"column":6}}]},"20":{"line":138,"type":"if","locations":[{"start":{"line":138,"column":6},"end":{"line":138,"column":6}},{"start":{"line":138,"column":6},"end":{"line":138,"column":6}}]},"21":{"line":158,"type":"if","locations":[{"start":{"line":158,"column":4},"end":{"line":158,"column":4}},{"start":{"line":158,"column":4},"end":{"line":158,"column":4}}]},"22":{"line":158,"type":"binary-expr","locations":[{"start":{"line":158,"column":9},"end":{"line":158,"column":28}},{"start":{"line":158,"column":32},"end":{"line":158,"column":34}}]},"23":{"line":176,"type":"if","locations":[{"start":{"line":176,"column":4},"end":{"line":176,"column":4}},{"start":{"line":176,"column":4},"end":{"line":176,"column":4}}]},"24":{"line":176,"type":"binary-expr","locations":[{"start":{"line":176,"column":9},"end":{"line":176,"column":28}},{"start":{"line":176,"column":32},"end":{"line":176,"column":34}}]}},"code":["var os = require('os');","var path = require('path');","var fs = require('fs');","var util = require('util');","var Promise = require('bluebird');","var whenReadFile = Promise.promisify(fs.readFile);","","var minimatch = require('./lib/fnmatch');","var iniparser = require('./lib/ini');","var Version = require('./lib/version');","var pkg = require('./package.json');","","var knownProps = [","  'end_of_line',","  'indent_style',","  'indent_size',","  'insert_final_newline',","  'trim_trailing_whitespace',","  'charset'","].reduce(function (set, prop) {","  set[prop] = true;","  return set;","}, {});","","function fnmatch(filepath, glob) {","  var matchOptions = {matchBase: true, dot: true, noext: true};","  glob = glob.replace(/\\*\\*/g, '{*,**/**/**}');","  return minimatch(filepath, glob, matchOptions);","}","","function getConfigFileNames(filepath, options) {","  var paths = [];","  do {","    filepath = path.dirname(filepath);","    paths.push(path.join(filepath, options.config));","  } while (filepath !== options.root);","  return paths;","}","","function getFilepathRoot(filepath) {","  if (path.parse !== undefined) {","    // Node.js >= 0.11.15","    return path.parse(filepath).root;","  }","  if (os.platform() === 'win32') {","    return path.resolve(filepath).match(/^(\\\\\\\\[^\\\\]+\\\\)?[^\\\\]+\\\\/)[0];","  }","  return '/';","}","","function processMatches(matches, version) {","  // Set indent_size to \"tab\" if indent_size is unspecified and","  // indent_style is set to \"tab\".","  if (\"indent_style\" in matches && matches.indent_style === \"tab\" &&","    !(\"indent_size\" in matches) && version.gte(new Version(0, 10))) {","    matches.indent_size = \"tab\";","  }","","  // Set tab_width to indent_size if indent_size is specified and","  // tab_width is unspecified","  if (\"indent_size\" in matches && !(\"tab_width\" in matches) &&","  matches.indent_size !== \"tab\")","    matches.tab_width = matches.indent_size;","","  // Set indent_size to tab_width if indent_size is \"tab\"","  if(\"indent_size\" in matches && \"tab_width\" in matches &&","  matches.indent_size === \"tab\")","    matches.indent_size = matches.tab_width;","","  return matches;","}","","function processOptions(options, filepath) {","  options = options || {};","  return {","    config: options.config || '.editorconfig',","    version: new Version(options.version || pkg.version),","    root: path.resolve(options.root || getFilepathRoot(filepath))","  };","}","","function buildFullGlob(pathPrefix, glob) {","  switch (glob.indexOf('/')) {","    case -1: glob = \"**/\" + glob; break;","    case  0: glob = glob.substring(1); break;","  }","  return path.join(pathPrefix, glob);","}","","function extendProps(props, options) {","  for (var key in options) {","    var value = options[key];","    key = key.toLowerCase();","    if (knownProps[key]) {","      value = value.toLowerCase();","    }","    try {","      value = JSON.parse(value);","    } catch(e) {}","    if (typeof value === 'undefined' || value === null) {","      // null and undefined are values specific to JSON (no special meaning","      // in editorconfig) & should just be returned as regular strings.","      value = String(value);","    }","    props[key] = value;","  }","  return props;","}","","function parseFromFiles(filepath, files, options) {","  return getConfigsForFiles(files).then(function (configs) {","    return configs.reverse();","  }).reduce(function (matches, file) {","    var pathPrefix = path.dirname(file.name);","    file.contents.forEach(function (section) {","      var glob = section[0], options = section[1];","      if (!glob) return;","      var fullGlob = buildFullGlob(pathPrefix, glob);","      if (!fnmatch(filepath, fullGlob)) return;","      matches = extendProps(matches, options);","    });","    return matches;","  }, {}).then(function (matches) {","    return processMatches(matches, options.version);","  });","}","","function parseFromFilesSync(filepath, files, options) {","  var configs = getConfigsForFilesSync(files);","  configs.reverse();","  var matches = {};","  configs.forEach(function(config) {","    var pathPrefix = path.dirname(config.name);","    config.contents.forEach(function(section) {","      var glob = section[0], options = section[1];","      if (!glob) return;","      var fullGlob = buildFullGlob(pathPrefix, glob);","      if (!fnmatch(filepath, fullGlob)) return;","      matches = extendProps(matches, options);","    });","  });","  return processMatches(matches, options.version);","}","","function StopReduce(array) {","  this.array = array;","}","","StopReduce.prototype = Object.create(Error.prototype);","","function getConfigsForFiles(files) {","  return Promise.reduce(files, function (configs, file) {","    var contents = iniparser.parseString(file.contents);","    configs.push({","      name: file.name,","      contents: contents","    });","    if ((contents[0][1].root || '').toLowerCase() === 'true') {","      return Promise.reject(new StopReduce(configs));","    }","    return configs;","  }, []).catch(StopReduce, function (stop) {","    return stop.array;","  });","}","","function getConfigsForFilesSync(files) {","  var configs = [];","  for (var i in files) {","    var file = files[i];","    var contents = iniparser.parseString(file.contents);","    configs.push({","      name: file.name,","      contents: contents","    });","    if ((contents[0][1].root || '').toLowerCase() === 'true') {","      break;","    }","  };","  return configs;","}","","function readConfigFiles(filepaths) {","  return Promise.map(filepaths, function (path) {","    return whenReadFile(path, 'utf-8').catch(function () {","      return '';","    }).then(function (contents) {","      return {name: path, contents: contents};","    });","  });","}","","function readConfigFilesSync(filepaths) {","  var files = [];","  var file;","  filepaths.forEach(function(filepath) {","    try {","      file = fs.readFileSync(filepath, 'utf8');","    } catch (e) {","      file = '';","    }","    files.push({name: filepath, contents: file});","  });","  return files;","}","","module.exports.parseFromFiles = function (filepath, files, options) {","  return new Promise (function (resolve, reject) {","    filepath = path.resolve(filepath);","    options = processOptions(options, filepath);","    resolve(parseFromFiles(filepath, files, options));","  });","};","","module.exports.parseFromFilesSync = function (filepath, files, options) {","  filepath = path.resolve(filepath);","  options = processOptions(options, filepath);","  return parseFromFilesSync(filepath, files, options);","};","","module.exports.parse = function (filepath, options) {","  return new Promise (function (resolve, reject) {","    filepath = path.resolve(filepath);","    options = processOptions(options, filepath);","    var filepaths = getConfigFileNames(filepath, options);","    var files = readConfigFiles(filepaths);","    resolve(parseFromFiles(filepath, files, options));","  });","};","","module.exports.parseSync = function (filepath, options) {","    filepath = path.resolve(filepath);","    options = processOptions(options, filepath);","    var filepaths = getConfigFileNames(filepath, options);","    var files = readConfigFilesSync(filepaths);","    return parseFromFilesSync(filepath, files, options);","};",""],"l":{"1":1,"2":1,"3":1,"4":1,"5":1,"6":1,"8":1,"9":1,"10":1,"11":1,"13":1,"21":6,"22":6,"25":1,"26":0,"27":0,"28":0,"31":1,"32":0,"33":0,"34":0,"35":0,"37":0,"40":1,"41":0,"43":0,"45":0,"46":0,"48":0,"51":1,"54":0,"56":0,"61":0,"63":0,"66":0,"68":0,"70":0,"73":1,"74":0,"75":0,"82":1,"83":0,"84":0,"85":0,"87":0,"90":1,"91":0,"92":0,"93":0,"94":0,"95":0,"97":0,"98":0,"100":0,"103":0,"105":0,"107":0,"110":1,"111":0,"112":0,"114":0,"115":0,"116":0,"117":0,"118":0,"119":0,"120":0,"122":0,"124":0,"128":1,"129":0,"130":0,"131":0,"132":0,"133":0,"134":0,"135":0,"136":0,"137":0,"138":0,"139":0,"142":0,"145":1,"146":0,"149":1,"151":1,"152":0,"153":0,"154":0,"158":0,"159":0,"161":0,"163":0,"167":1,"168":0,"169":0,"170":0,"171":0,"172":0,"176":0,"177":0,"180":0,"183":1,"184":0,"185":0,"186":0,"188":0,"193":1,"194":0,"195":0,"196":0,"197":0,"198":0,"200":0,"202":0,"204":0,"207":1,"208":0,"209":0,"210":0,"211":0,"215":1,"216":0,"217":0,"218":0,"221":1,"222":0,"223":0,"224":0,"225":0,"226":0,"227":0,"231":1,"232":0,"233":0,"234":0,"235":0,"236":0}},"/home/travis/build/npmtest/node-npmtest-editorconfig/node_modules/editorconfig/lib/fnmatch.js":{"path":"/home/travis/build/npmtest/node-npmtest-editorconfig/node_modules/editorconfig/lib/fnmatch.js","s":{"1":1,"2":1,"3":1,"4":0,"5":1,"6":0,"7":0,"8":0,"9":0,"10":0,"11":0,"12":0,"13":0,"14":0,"15":0,"16":0,"17":0,"18":0,"19":0,"20":0,"21":0,"22":0,"23":0,"24":0,"25":0,"26":1,"27":1,"28":1,"29":1,"30":1,"31":14,"32":14,"33":1,"34":1,"35":1,"36":0,"37":0,"38":0,"39":0,"40":0,"41":0,"42":0,"43":1,"44":1,"45":0,"46":0,"47":0,"48":1,"49":0,"50":0,"51":0,"52":0,"53":0,"54":0,"55":0,"56":0,"57":1,"58":0,"59":0,"60":0,"61":0,"62":0,"63":0,"64":0,"65":0,"66":1,"67":0,"68":0,"69":0,"70":1,"71":0,"72":0,"73":0,"74":0,"75":0,"76":0,"77":0,"78":0,"79":0,"80":1,"81":0,"82":0,"83":0,"84":0,"85":0,"86":0,"87":0,"88":0,"89":0,"90":0,"91":0,"92":0,"93":0,"94":0,"95":0,"96":0,"97":0,"98":0,"99":0,"100":0,"101":0,"102":1,"103":1,"104":0,"105":0,"106":0,"107":0,"108":0,"109":0,"110":0,"111":0,"112":0,"113":0,"114":0,"115":0,"116":0,"117":0,"118":0,"119":0,"120":0,"121":0,"122":0,"123":0,"124":0,"125":0,"126":0,"127":0,"128":0,"129":0,"130":0,"131":1,"132":1,"133":0,"134":0,"135":0,"136":0,"137":0,"138":0,"139":0,"140":0,"141":0,"142":1,"143":0,"144":1,"145":1,"146":0,"147":0,"148":0,"149":0,"150":0,"151":0,"152":0,"153":0,"154":0,"155":0,"156":0,"157":0,"158":0,"159":0,"160":0,"161":0,"162":0,"163":0,"164":0,"165":0,"166":0,"167":0,"168":0,"169":0,"170":0,"171":0,"172":0,"173":0,"174":0,"175":1,"176":0,"177":0,"178":0,"179":0,"180":0,"181":0,"182
[...]
      var swallowee = file[fr]","","            if (options.debug) {","              console.error('\\nglobstar while',","                file, fr, pattern, pr, swallowee)","            }","","            // XXX remove this slice.  Just pass the start index.","            if (this.matchOne(file.slice(fr), pattern.slice(pr), partial)) {","              if (options.debug)","                console.error('globstar found match!', fr, fl, swallowee)","                  // found a match.","              return true","            } else {","              // can't swallow \".\" or \"..\" ever.","              // can only swallow \".foo\" when explicitly asked.","              if (swallowee === \".\" || swallowee === \"..\" ||","              (!options.dot && swallowee.charAt(0) === \".\")) {","                if (options.debug)","                  console.error(\"dot detected!\", file, fr, pattern, pr)","                break WHILE","              }","","              // ** swallows a segment, and continue.","              if (options.debug)","                console.error('globstar swallow a segment, and continue')","              fr ++","            }","          }","        // no match was found.","        // However, in partial mode, we can't say this is necessarily over.","        // If there's more *pattern* left, then","        if (partial) {","          // ran out of file","          // console.error(\"\\n>>> no match, partial?\", file, fr, pattern, pr)","          if (fr === fl) return true","        }","        return false","      }","","      // something other than **","      // non-magic patterns just have to match exactly","      // patterns with magic have been turned into regexps.","      var hit","      if (typeof p === \"string\") {","        if (options.nocase) {","          hit = f.toLowerCase() === p.toLowerCase()","        } else {","          hit = f === p","        }","        if (options.debug) {","          console.error(\"string match\", p, f, hit)","        }","      } else {","        hit = f.match(p)","        if (options.debug) {","          console.error(\"pattern match\", p, f, hit)","        }","      }","","      if (!hit) return false","    }","","    // Note: ending in / means that we'll get a final \"\"","    // at the end of the pattern.  This can only match a","    // corresponding \"\" at the end of the file.","    // If the file ends in /, then it can only match a","    // a pattern that ends in /, unless the pattern just","    // doesn't have any more for it. But, a/b/ should *not*","    // match \"a/b/*\", even though \"\" matches against the","    // [^/]*? pattern, except in partial mode, where it might","    // simply not be reached yet.","    // However, a/b/ should still satisfy a/*","","    // now either we fell off the end of the pattern, or we're done.","    if (fi === fl && pi === pl) {","      // ran out of pattern and filename at the same time.","      // an exact hit!","      return true","    } else if (fi === fl) {","      // ran out of file, but still had pattern left.","      // this is ok if we're doing the match as part of","      // a glob fs traversal.","      return partial","    } else if (pi === pl) {","      // ran out of pattern, still have file left.","      // this is only acceptable if we're on the very last","      // empty segment of a file with a trailing slash.","      // a/* should match a/b/","      var emptyFileEnd = (fi === fl - 1) && (file[fi] === \"\")","      return emptyFileEnd","    }","","    // should be unreachable.","    throw new Error(\"wtf?\")","  }","","","// replace stuff like \\* with *","  function globUnescape (s) {","    return s.replace(/\\\\(.)/g, \"$1\")","  }","","","  function regExpEscape (s) {","    return s.replace(/[-[\\]{}()*+?.,\\\\^$|#\\s]/g, \"\\\\$&\")","  }","","})( typeof require === \"function\" ? require : null,","  this,","    typeof module === \"object\" ? module : null,","    typeof process === \"object\" ? process.platform : \"win32\"",")",""],"l":{"3":1,"5":1,"6":0,"8":1,"9":0,"10":0,"11":0,"12":0,"14":0,"15":0,"16":0,"17":0,"18":0,"20":0,"22":0,"23":0,"24":0,"25":0,"26":0,"27":0,"29":0,"35":1,"37":1,"42":1,"63":1,"64":1,"65":14,"66":14,"71":1,"73":1,"74":1,"75":0,"76":0,"77":0,"78":0,"79":0,"81":0,"84":1,"85":1,"86":0,"87":0,"88":0,"92":1,"93":0,"94":0,"95":0,"96":0,"97":0,"99":0,"100":0,"102":0,"105":1,"106":0,"108":0,"110":0,"111":0,"114":0,"115":0,"118":0,"121":1,"122":0,"123":0,"127":1,"128":0,"129":0,"132":0,"135":0,"136":0,"140":0,"142":0,"145":1,"146":0,"147":0,"150":0,"151":0,"154":0,"158":0,"159":0,"165":0,"166":0,"167":0,"168":0,"170":0,"171":0,"172":0,"173":0,"174":0,"175":0,"176":0,"179":0,"182":1,"183":1,"185":0,"187":0,"188":0,"191":0,"192":0,"193":0,"195":0,"196":0,"197":0,"201":0,"204":0,"206":0,"213":0,"214":0,"217":0,"220":0,"221":0,"224":0,"227":0,"228":0,"231":0,"233":0,"236":1,"237":1,"238":0,"243":0,"245":0,"248":0,"249":0,"252":0,"253":0,"266":1,"267":0,"270":1,"271":1,"272":0,"273":0,"276":0,"277":0,"280":0,"283":0,"286":0,"305":0,"307":0,"308":0,"309":0,"311":0,"312":0,"313":0,"314":0,"315":0,"320":0,"322":0,"325":0,"326":0,"327":0,"338":0,"339":0,"341":0,"346":0,"348":0,"349":0,"352":0,"361":0,"368":1,"369":0,"370":0,"374":0,"375":0,"378":0,"379":0,"380":0,"382":0,"384":0,"385":0,"388":0,"389":0,"390":0,"393":0,"395":0,"396":0,"398":0,"399":0,"401":0,"402":0,"406":0,"407":0,"409":0,"411":0,"414":0,"415":0,"423":0,"425":0,"431":0,"434":0,"436":0,"437":0,"444":0,"445":0,"448":0,"449":0,"450":0,"455":0,"456":0,"457":0,"458":0,"461":0,"475":1,"476":1,"477":1,"478":0,"481":0,"482":0,"484":0,"501":1,"502":0,"505":0,"507":0,"508":0,"509":0,"511":0,"512":0,"513":0,"515":0,"516":0,"518":0,"522":0,"526":0,"527":0,"531":0,"532":0,"533":0,"534":0,"537":0,"541":0,"544":0,"545":0,"546":0,"555":0,"556":0,"561":0,"562":0,"563":0,"564":0,"570":0,"571":0,"575":0,"576":0,"579":0,"580":0,"581":0,"584":0,"585":0,"586":0,"589":0,"590":0,"594":0,"595":0,"596":0,"599":0,"600":0,"601":0,"604":0,"605":0,"606":0,"609":0,"611":0,"612":0,"615":0,"616":0,"618":0,"621":0,"622":0,"623":0,"624":0,"627":0,"628":0,"633":0,"635":0,"636":0,"637":0,"640":0,"641":0,"642":0,"643":0,"644":0,"651":0,"652":0,"653":0,"654":0,"658":0,"659":0,"660":0,"661":0,"665":0,"667":0,"669":0,"670":0,"672":0,"675":0,"683":0,"688":0,"690":0,"691":0,"700":0,"701":0,"702":0,"704":0,"705":0,"707":0,"716":0,"720":0,"724":0,"725":0,"731":0,"732":0,"734":0,"739":0,"740":0,"743":0,"749":0,"751":0,"754":0,"755":0,"761":0,"762":0,"765":0,"768":0,"769":0,"771":0,"774":1,"775":0,"778":1,"779":1,"780":0,"788":0,"790":0,"791":0,"793":0,"798":0,"799":0,"800":0,"808":0,"811":0,"813":0,"814":0,"816":0,"820":1,"821":0,"822":0,"823":0,"825":0,"826":0,"828":0,"831":1,"832":1,"836":0,"837":0,"839":0,"841":0,"845":0,"846":0,"850":0,"851":0,"852":0,"860":0,"863":0,"864":0,"865":0,"866":0,"867":0,"868":0,"874":0,"875":0,"883":1,"884":0,"886":0,"887":0,"893":0,"894":0,"897":0,"898":0,"901":0,"908":0,"909":0,"911":0,"914":0,"915":0,"920":0,"922":0,"923":0,"924":0,"948":0,"950":0,"951":0,"952":0,"959":0,"960":0,"961":0,"963":0,"967":0,"968":0,"970":0,"971":0,"976":0,"977":0,"978":0,"980":0,"984":0,"986":0,"987":0,"988":0,"992":0,"993":0,"994":0,"1000":0,"1003":0,"1005":0,"1011":0,"1012":0,"1013":0,"1014":0,"1016":0,"1018":0,"1019":0,"1022":0,"1023":0,"1024":0,"1028":0,"1043":0,"1046":0,"1047":0,"1051":0,"1052":0,"1057":0,"1058":0,"1062":0,"1067":1,"1068":0,"1072":1,"1073":0}},"/home/travis/build/npmtest/node-npmtest-editorconfig/node_modules/editorconfig/lib/ini.js":{"path":"/home/travis/build/npmtest/node-npmtest-editorconfig/node_modules/editorconfig/lib/ini.js","s":{"1":1,"2":1,"3":1,"4":0,"5":0,"6":0,"7":0,"8":0,"9":0,"10":1,"11":0,"12":1,"13":0,"14":0,"15":0,"16":0,"17":0,"18":0,"19":0,"20":0,"21":0,"22":0,"23":0,"24":0,"25":0,"26":0,"27":0,"28":0,"29":0,"30":1},"b":{"1":[0,0],"2":[0,0],"3":[0,0],"4":[0,0],"5":[0,0]},"f":{"1":0,"2":0,"3":0,"4":0,"5":0},"fnMap":{"1":{"name":"(anonymous_1)","line":26,"loc":{"start":{"line":26,"column":23},"end":{"line":26,"column":49}}},"2":{"name":"(anonymous_2)","line":30,"loc":{"start":{"line":30,"column":28},"end":{"line":30,"column":49}}},"3":{"name":"(anonymous_3)","line":39,"loc":{"start":{"line":39,"column":27},"end":{"line":39,"column":43}}},"4":{"name":"parse","line":43,"loc":{"start":{"line":43,"column":0},"end":{"line":43,"column":22}}},"5":{"name":"(anonymous_5)","line":48,"loc":{"start":{"line":48,"column":16},"end":{"line":48,"column":32}}}},"statementMap":{"1":{"start":{"line":6,"column":0},"end":{"line":6,"column":23}},"2":{"start":{"line":14,"column":0},"end":{"line":18,"column":2}},"3":{"start":{"line":26,"column":0},"end":{"line":37,"column":2}},"4":{"start":{"line":27,"column":2},"end":{"line":29,"column":3}},"5":{"start":{"line":28,"column":4},"end":{"line":28,"column":11}},"6":{"start":{"line":30,"column":2},"end":{"line":36,"column":5}},"7":{"start":{"line":31,"column":4},"end":{"line":35,"column":5}},"8":{"start":{"line":32,"column":6},"end":{"line":32,"column":20}},"9":{"start":{"line":34,"column":6},"end":{"line":34,"column":34}},"10":{"start":{"line":39,"column":0},"end":{"line":41,"column":2}},"11":{"start":{"line":40,"column":2},"end":{"line":40,"column":46}},"12":{"start":{"line":43,"column":0},"end":{"line":63,"column":1}},"13":{"start":{"line":44,"column":2},"end":{"line":44,"column":23}},"14":{"start":{"line":45,"column":2},"end":{"line":45,"column":25}},"15":{"start":{"line":46,"column":2},"end":{"line":46,"column":43}},"16":{"start":{"line":47,"column":2},"end":{"line":47,"column":39}},"17":{"start":{"line":48,"column":2},"end":{"line":61,"column":5}},"18":{"start":{"line":49,"column":4},"end":{"line":49,"column":14}},"19":{"start":{"line":50,"column":4},"end":{"line":60,"column":5}},"20":{"start":{"line":51,"column":6},"end":{"line":51,"column":13}},"21":{"start":{"line":52,"column":11},"end":{"line":60,"column":5}},"22":{"start":{"line":53,"column":6},"end":{"line":53,"column":38}},"23":{"start":{"line":54,"column":6},"end":{"line":54,"column":39}},"24":{"start":{"line":55,"column":11},"end":{"line":60,"column":5}},"25":{"start":{"line":56,"column":6},"end":{"line":56,"column":40}},"26":{"start":{"line":57,"column":6},"end":{"line":57,"column":29}},"27":{"start":{"line":58,"column":6},"end":{"line":58,"column":23}},"28":{"start":{"line":59,"column":6},"end":{"line":59,"column":45}},"29":{"start":{"line":62,"column":2},"end":{"line":62,"column":15}},"30":{"start":{"line":65,"column":0},"end":{"line":65,"column":35}}},"branchMap":{"1":{"line":27,"type":"if","locations":[{"start":{"line":27,"column":2},"end":{"line":27,"column":2}},{"start":{"line":27,"column":2},"end":{"line":27,"column":2}}]},"2":{"line":31,"type":"if","locations":[{"start":{"line":31,"column":4},"end":{"line":31,"column":4}},{"start":{"line":31,"column":4},"end":{"line":31,"column":4}}]},"3":{"line":50,"type":"if","locations":[{"start":{"line":50,"column":4},"end":{"line":50,"column":4}},{"start":{"line":50,"column":4},"end":{"line":50,"column":4}}]},"4":{"line":52,"type":"if","locations":[{"start":{"line":52,"column":11},"end":{"line":52,"column":11}},{"start":{"line":52,"column":11},"end":{"line":52,"column":11}}]},"5":{"line":55,"type":"if","locations":[{"start":{"line":55,"column":11},"end":{"line":55,"column":11}},{"start":{"line":55,"column":11},"end":{"line":55,"column":11}}]}},"code":["// Based on iniparser by shockie <https://npmjs.org/package/iniparser>","","/*"," * get the file handler"," */","var fs = require('fs');","","/*"," * define the possible values:"," * section: [section]"," * param: key=value"," * comment: ;this is a comment"," */","var regex = {","  section: /^\\s*\\[(([^#;]|\\\\#|\\\\;)+)\\]\\s*([#;].*)?$/,","  param: /^\\s*([\\w\\.\\-\\_]+)\\s*[=:]\\s*(.*?)\\s*([#;].*)?$/,","  comment: /^\\s*[#;].*$/","};","","/*"," * parses a .ini file"," * @param: {String} file, the location of the .ini file"," * @param: {Function} callback, the function that will be called when parsing is done"," * @return: none"," */","module.exports.parse = function (file, callback) {","  if (!callback) {","    return;","  }","  fs.readFile(file, 'utf8', function (err, data) {","    if (err) {","      callback(err);","    } else {","      callback(null, parse(data));","    }","  });","};","","module.exports.parseSync = function (file) {","  return parse(fs.readFileSync(file, 'utf8'));","};","","function parse (data) {","  var sectionBody = {};","  var sectionName = null;","  var value = [[sectionName, sectionBody]];","  var lines = data.split(/\\r\\n|\\r|\\n/);","  lines.forEach(function (line) {","    var match;","    if (regex.comment.test(line)) {","      return;","    } else if (regex.param.test(line)) {","      match = line.match(regex.param);","      sectionBody[match[1]] = match[2];","    } else if (regex.section.test(line)) {","      match = line.match(regex.section);","      sectionName = match[1];","      sectionBody = {};","      value.push([sectionName, sectionBody]);","    }","  });","  return value;","}","","module.exports.parseString = parse;",""],"l":{"6":1,"14":1,"26":1,"27":0,"28":0,"30":0,"31":0,"32":0,"34":0,"39":1,"40":0,"43":1,"44":0,"45":0,"46":0,"47":0,"48":0,"49":0,"50":0,"51":0,"52":0,"53":0,"54":0,"55":0,"56":0,"57":0,"58":0,"59":0,"62":0,"65":1}},"/home/travis/build/npmtest/node-npmtest-editorconfig/node_modules/editorconfig/lib/version.js":{"path":"/home/travis/build/npmtest/node-npmtest-editorconfig/node_modules/editorconfig/lib/version.js","s":{"1":1,"2":0,"3":0,"4":0,"5":0,"6":0,"7":0,"8":0,"9":0,"10":0,"11":0,"12":0,"13":0,"14":0,"15":0,"16":1,"17":0,"18":0,"19":0,"20":0,"21":0,"22":0,"23":0,"24":0,"25":0,"26":0,"27":0,"28":0,"29":0,"30":1},"b":{"1":[0,0],"2":[0,0],"3":[0,0],"4":[0,0],"5":[0,0],"6":[0,0],"7":[0,0],"8":[0,0],"9":[0,0],"10":[0,0],"11":[0,0],"12":[0,0]},"f":{"1":0,"2":0,"3":0,"4":0,"5":0},"fnMap":{"1":{"name":"Version","line":1,"loc":{"start":{"line":1,"column":0},"end":{"line":1,"column":26}}},"2":{"name":"(anonymous_2)","line":4,"loc":{"start":{"line":4,"column":27},"end":{"line":4,"column":38}}},"3":{"name":"(anonymous_3)","line":5,"loc":{"start":{"line":5,"column":31},"end":{"line":5,"column":42}}},"4":{"name":"(anonymous_4)","line":24,"loc":{"start":{"line":24,"column":12},"end":{"line":24,"column":23}}},"5":{"name":"(anonymous_5)","line":31,"loc":{"start":{"line":31,"column":7},"end":{"line":31,"column":22}}}},"statementMap":{"1":{"start":{"line":1,"column":0},"end":{"line":21,"column":1}},"2":{"start":{"line":2,"column":2},"end":{"line":2,"column":23}},"3":{"start":{"line":3,"column":2},"end":{"line":5,"column":61}},"4":{"start":{"line":4,"column":39},"end":{"line":4,"column":62}},"5":{"start":{"line":5,"column":43},"end":{"line":5,"column":58}},"6":{"start":{"line":7,"column":2},"end":{"line":7,"column":35}},"7":{"start":{"line":8,"column":2},"end":{"line":8,"column":44}},"8":{"start":{"line":9,"column":2},"end":{"line":9,"column":48}},"9":{"start":{"line":10,"column":2},"end":{"line":10,"column":48}},"10":{"start":{"line":11,"column":2},"end":{"line":11,"column":51}},"11":{"start":{"line":13,"column":2},"end":{"line":15,"column":3}},"12":{"start":{"line":14,"column":4},"end":{"line":14,"column":11}},"13":{"start":{"line":17,"column":2},"end":{"line":17,"column":31}},"14":{"start":{"line":18,"column":2},"end":{"line":20,"column":3}},"15":{"start":{"line":19,"column":4},"end":{"line":19,"column":32}},"16":{"start":{"line":23,"column":0},"end":{"line":46,"column":2}},"17":{"start":{"line":25,"column":4},"end":{"line":25,"column":44}},"18":{"start":{"line":26,"column":4},"end":{"line":28,"column":5}},"19":{"start":{"line":27,"column":6},"end":{"line":27,"column":42}},"20":{"start":{"line":29,"column":4},"end":{"line":29,"column":19}},"21":{"start":{"line":32,"column":4},"end":{"line":34,"column":5}},"22":{"start":{"line":33,"column":6},"end":{"line":33,"column":19}},"23":{"start":{"line":35,"column":4},"end":{"line":37,"column":5}},"24":{"start":{"line":36,"column":6},"end":{"line":36,"column":19}},"25":{"start":{"line":38,"column":4},"end":{"line":40,"column":5}},"26":{"start":{"line":39,"column":6},"end":{"line":39,"column":19}},"27":{"start":{"line":41,"column":4},"end":{"line":43,"column":5}},"28":{"start":{"line":42,"column":6},"end":{"line":42,"column":19}},"29":{"start":{"line":44,"column":4},"end":{"line":44,"column":16}},"30":{"start":{"line":48,"column":0},"end":{"line":48,"column":25}}},"branchMap":{"1":{"line":3,"type":"cond-expr","locations":[{"start":{"line":4,"column":4},"end":{"line":4,"column":64}},{"start":{"line":5,"column":4},"end":{"line":5,"column":60}}]},"2":{"line":8,"type":"cond-expr","locations":[{"start":{"line":8,"column":21},"end":{"line":8,"column":39}},{"start":{"line":8,"column":42},"end":{"line":8,"column":43}}]},"3":{"line":9,"type":"cond-expr","locations":[{"start":{"line":9,"column":25},"end":{"line":9,"column":43}},{"start":{"line":9,"column":46},"end":{"line":9,"column":47}}]},"4":{"line":10,"type":"cond-expr","locations":[{"start":{"line":10,"column":25},"end":{"line":10,"column":43}},{"start":{"line":10,"column":46},"end":{"line":10,"column":47}}]},"5":{"line":11,"type":"cond-expr","locations":[{"start":{"line":11,"column":28},"end":{"line":11,"column":46}},{"start":{"line":11,"column":49},"end":{"line":11,"column":50}}]},"6":{"line":13,"type":"if","locations":[{"start":{"line":13,"column":2},"end":{"line":13,"column":2}},{"start":{"line":13,"column":2},"end":{"line":13,"column":2}}]},"7":{"line":18,"type":"if","locations":[{"start":{"line":18,"column":2},"end":{"line":18,"column":2}},{"start":{"line":18,"column":2},"end":{"line":18,"column":2}}]},"8":{"line":26,"type":"if","locations":[{"start":{"line":26,"column":4},"end":{"line":26,"column":4}},{"start":{"line":26,"column":4},"end":{"line":26,"column":4}}]},"9":{"line":32,"type":"if","locations":[{"start":{"line":32,"column":4},"end":{"line":32,"column":4}},{"start":{"line":32,"column":4},"end":{"line":32,"column":4}}]},"10":{"line":35,"type":"if","locations":[{"start":{"line":35,"column":4},"end":{"line":35,"column":4}},{"start":{"line":35,"column":4},"end":{"line":35,"column":4}}]},"11":{"line":38,"type":"if","locations":[{"start":{"line":38,"column":4},"end":{"line":38,"column":4}},{"start":{"line":38,"column":4},"end":{"line":38,"column":4}}]},"12":{"line":41,"type":"if","locations":[{"start":{"line":41,"column":4},"end":{"line":41,"column":4}},{"start":{"line":41,"column":4},"end":{"line":41,"column":4}}]}},"code":["function Version(version) {","  var args = arguments;","  this.components = typeof version === \"string\" ?","    version.split(\".\").map(function(x){return parseInt(x, 10);}) :","    Object.keys(arguments).map(function(k){return args[k];});","","  var len = this.components.length;","  this.major = len ? this.components[0] : 0;","  this.minor = len > 1 ? this.components[1] : 0;","  this.build = len > 2 ? this.components[2] : 0;","  this.revision = len > 3 ? this.components[3] : 0;","","  if (typeof version !== \"string\") {","    return;","  }","","  var ext = version.split(\"-\");","  if (ext.length === 2) {","    this.configuration = ext[1];","  }","}","","Version.prototype = {","  toString: function() {","    var version = this.components.join(\".\");","    if (typeof this.configuration !== \"undefined\") {","      version += \"-\" + this.configuration;","    }","    return version;","  },","  gte: function(other){","    if (this.major < other.major) {","      return false;","    }","    if (this.minor < other.minor) {","      return false;","    }","    if (this.build < other.build) {","      return false;","    }","    if (this.revision < other.revision) {","      return false;","    }","    return true;","  }","};","","module.exports = Version;",""],"l":{"1":1,"2":0,"3":0,"4":0,"5":0,"7":0,"8":0,"9":0,"10":0,"11":0,"13":0,"14":0,"17":0,"18":0,"19":0,"23":1,"25":0,"26":0,"27":0,"29":0,"32":0,"33":0,"35":0,"36":0,"38":0,"39":0,"41":0,"42":0,"44":0,"48":1}}}